<?xml version="1.0" encoding="UTF-8"?>
<testsuite xmlns:xsi="http://www.w3.org/2001/XMLSchema-instance" xsi:noNamespaceSchemaLocation="https://maven.apache.org/surefire/maven-surefire-plugin/xsd/surefire-test-report.xsd" name="MqSendTest" time="38.698" tests="2" errors="2" skipped="0" failures="0">
  <properties>
[...]
</properties>
  <testcase name="testSend2" classname="MqSendTest" time="0.004">
    <error message="Failed to load ApplicationContext" type="java.lang.IllegalStateException"><![CDATA[java.lang.IllegalStateException: Failed to load ApplicationContext
Caused by: org.springframework.context.ApplicationContextException: Failed to start bean 'org.springframework.amqp.rabbit.config.internalRabbitListenerEndpointRegistry'; nested exception is org.springframework.amqp.AmqpIllegalStateException: Fatal exception on listener startup
Caused by: org.springframework.amqp.AmqpIllegalStateException: Fatal exception on listener startup
Caused by: org.springframework.amqp.rabbit.listener.QueuesNotAvailableException: Cannot prepare queue for listener. Either the queue doesn't exist or the broker will not allow us to use it.
Caused by: org.springframework.amqp.rabbit.listener.BlockingQueueConsumer$DeclarationException: Failed to declare queue(s):[info]
Caused by: java.io.IOException
Caused by: com.rabbitmq.client.ShutdownSignalException: channel error; protocol method: #method<channel.close>(reply-code=404, reply-text=NOT_FOUND - no queue 'info' in vhost '/', class-id=50, method-id=10)
Caused by: com.rabbitmq.client.ShutdownSignalException: channel error; protocol method: #method<channel.close>(reply-code=404, reply-text=NOT_FOUND - no queue 'info' in vhost '/', class-id=50, method-id=10)
]]></error>
    <system-out><![CDATA[16:45:44.883 [main] DEBUG org.springframework.test.context.junit4.SpringJUnit4ClassRunner - SpringJUnit4ClassRunner constructor called with [class MqSendTest]
16:45:44.893 [main] DEBUG org.springframework.test.context.BootstrapUtils - Instantiating CacheAwareContextLoaderDelegate from class [org.springframework.test.context.cache.DefaultCacheAwareContextLoaderDelegate]
16:45:44.907 [main] DEBUG org.springframework.test.context.BootstrapUtils - Instantiating BootstrapContext using constructor [public org.springframework.test.context.support.DefaultBootstrapContext(java.lang.Class,org.springframework.test.context.CacheAwareContextLoaderDelegate)]
16:45:45.076 [main] DEBUG org.springframework.test.context.BootstrapUtils - Instantiating TestContextBootstrapper for test class [MqSendTest] from class [org.springframework.boot.test.context.SpringBootTestContextBootstrapper]
16:45:45.128 [main] INFO org.springframework.boot.test.context.SpringBootTestContextBootstrapper - Neither @ContextConfiguration nor @ContextHierarchy found for test class [MqSendTest], using SpringBootContextLoader
16:45:45.133 [main] DEBUG org.springframework.test.context.support.AbstractContextLoader - Did not detect default resource location for test class [MqSendTest]: class path resource [MqSendTest-context.xml] does not exist
16:45:45.134 [main] DEBUG org.springframework.test.context.support.AbstractContextLoader - Did not detect default resource location for test class [MqSendTest]: class path resource [MqSendTestContext.groovy] does not exist
16:45:45.134 [main] INFO org.springframework.test.context.support.AbstractContextLoader - Could not detect default resource locations for test class [MqSendTest]: no resource found for suffixes {-context.xml, Context.groovy}.
16:45:45.207 [main] DEBUG org.springframework.test.context.support.ActiveProfilesUtils - Could not find an 'annotation declaring class' for annotation type [org.springframework.test.context.ActiveProfiles] and class [MqSendTest]
16:45:45.589 [main] DEBUG org.springframework.boot.test.context.SpringBootTestContextBootstrapper - @TestExecutionListeners is not present for class [MqSendTest]: using defaults.
16:45:45.590 [main] INFO org.springframework.boot.test.context.SpringBootTestContextBootstrapper - Loaded default TestExecutionListener class names from location [META-INF/spring.factories]: [org.springframework.boot.test.mock.mockito.MockitoTestExecutionListener, org.springframework.boot.test.mock.mockito.ResetMocksTestExecutionListener, org.springframework.boot.test.autoconfigure.restdocs.RestDocsTestExecutionListener, org.springframework.boot.test.autoconfigure.web.client.MockRestServiceServerResetTestExecutionListener, org.springframework.boot.test.autoconfigure.web.servlet.MockMvcPrintOnlyOnFailureTestExecutionListener, org.springframework.boot.test.autoconfigure.web.servlet.WebDriverTestExecutionListener, org.springframework.test.context.web.ServletTestExecutionListener, org.springframework.test.context.support.DirtiesContextBeforeModesTestExecutionListener, org.springframework.test.context.support.DependencyInjectionTestExecutionListener, org.springframework.test.context.support.DirtiesContextTestExecutionListener, org.springframework.test.context.transaction.TransactionalTestExecutionListener, org.springframework.test.context.jdbc.SqlScriptsTestExecutionListener]
16:45:45.626 [main] INFO org.springframework.boot.test.context.SpringBootTestContextBootstrapper - Using TestExecutionListeners: [org.springframework.test.context.web.ServletTestExecutionListener@411f53a0, org.springframework.test.context.support.DirtiesContextBeforeModesTestExecutionListener@2b71e916, org.springframework.boot.test.mock.mockito.MockitoTestExecutionListener@36fc695d, org.springframework.boot.test.autoconfigure.SpringBootDependencyInjectionTestExecutionListener@28701274, org.springframework.test.context.support.DirtiesContextTestExecutionListener@13c9d689, org.springframework.test.context.transaction.TransactionalTestExecutionListener@3754a4bf, org.springframework.test.context.jdbc.SqlScriptsTestExecutionListener@62379589, org.springframework.boot.test.mock.mockito.ResetMocksTestExecutionListener@4afcd809, org.springframework.boot.test.autoconfigure.restdocs.RestDocsTestExecutionListener@175c2241, org.springframework.boot.test.autoconfigure.web.client.MockRestServiceServerResetTestExecutionListener@5bf0d49, org.springframework.boot.test.autoconfigure.web.servlet.MockMvcPrintOnlyOnFailureTestExecutionListener@5b7a5baa, org.springframework.boot.test.autoconfigure.web.servlet.WebDriverTestExecutionListener@776aec5c]
16:45:45.628 [main] DEBUG org.springframework.test.annotation.ProfileValueUtils - Retrieved @ProfileValueSourceConfiguration [null] for test class [MqSendTest]
16:45:45.628 [main] DEBUG org.springframework.test.annotation.ProfileValueUtils - Retrieved ProfileValueSource type [class org.springframework.test.annotation.SystemProfileValueSource] for class [MqSendTest]
16:45:45.631 [main] DEBUG org.springframework.test.annotation.ProfileValueUtils - Retrieved @ProfileValueSourceConfiguration [null] for test class [MqSendTest]
16:45:45.631 [main] DEBUG org.springframework.test.annotation.ProfileValueUtils - Retrieved ProfileValueSource type [class org.springframework.test.annotation.SystemProfileValueSource] for class [MqSendTest]
16:45:45.632 [main] DEBUG org.springframework.test.annotation.ProfileValueUtils - Retrieved @ProfileValueSourceConfiguration [null] for test class [MqSendTest]
16:45:45.632 [main] DEBUG org.springframework.test.annotation.ProfileValueUtils - Retrieved ProfileValueSource type [class org.springframework.test.annotation.SystemProfileValueSource] for class [MqSendTest]
16:45:45.642 [main] DEBUG org.springframework.test.context.support.AbstractDirtiesContextTestExecutionListener - Before test class: context [DefaultTestContext@dd05255 testClass = MqSendTest, testInstance = [null], testMethod = [null], testException = [null], mergedContextConfiguration = [WebMergedContextConfiguration@6a78afa0 testClass = MqSendTest, locations = '{}', classes = '{class com.an.mq.MqApplication, class com.an.mq.MqApplication}', contextInitializerClasses = '[]', activeProfiles = '{}', propertySourceLocations = '{}', propertySourceProperties = '{org.springframework.boot.test.context.SpringBootTestContextBootstrapper=true}', contextCustomizers = set[org.springframework.boot.test.context.filter.ExcludeFilterContextCustomizer@2473b9ce, org.springframework.boot.test.json.DuplicateJsonObjectContextCustomizerFactory$DuplicateJsonObjectContextCustomizer@3439f68d, org.springframework.boot.test.mock.mockito.MockitoContextCustomizer@0, org.springframework.boot.test.web.client.TestRestTemplateContextCustomizer@76a4d6c, org.springframework.boot.test.autoconfigure.properties.PropertyMappingContextCustomizer@0, org.springframework.boot.test.autoconfigure.web.servlet.WebDriverContextCustomizerFactory$Customizer@5e25a92e], resourceBasePath = 'src/main/webapp', contextLoader = 'org.springframework.boot.test.context.SpringBootContextLoader', parent = [null]], attributes = map['org.springframework.test.context.web.ServletTestExecutionListener.activateListener' -> true]], class annotated with @DirtiesContext [false] with mode [null].
16:45:45.643 [main] DEBUG org.springframework.test.annotation.ProfileValueUtils - Retrieved @ProfileValueSourceConfiguration [null] for test class [MqSendTest]
16:45:45.643 [main] DEBUG org.springframework.test.annotation.ProfileValueUtils - Retrieved ProfileValueSource type [class org.springframework.test.annotation.SystemProfileValueSource] for class [MqSendTest]
16:45:45.770 [main] DEBUG org.springframework.core.env.StandardEnvironment - Adding PropertySource 'systemProperties' with lowest search precedence
16:45:45.771 [main] DEBUG org.springframework.core.env.StandardEnvironment - Adding PropertySource 'systemEnvironment' with lowest search precedence
16:45:45.772 [main] DEBUG org.springframework.core.env.StandardEnvironment - Initialized StandardEnvironment with PropertySources [MapPropertySource@202125197 {name='systemProperties', properties={idea.version=2018.3, java.runtime.name=Java(TM) SE Runtime Environment, sun.boot.library.path=C:\Program Files\Java\jdk1.8.0_161\jre\bin, java.vm.version=25.161-b12, java.vm.vendor=Oracle Corporation, java.vendor.url=http://java.oracle.com/, path.separator=;, java.vm.name=Java HotSpot(TM) 64-Bit Server VM, file.encoding.pkg=sun.io, user.country=CN, user.script=, sun.java.launcher=SUN_STANDARD, sun.os.patch.level=, java.vm.specification.name=Java Virtual Machine Specification, user.dir=F:\IdeaWorkSpace\huahua_parent1608v\mq, java.runtime.version=1.8.0_161-b12, basedir=F:\IdeaWorkSpace\huahua_parent1608v\mq, java.awt.graphicsenv=sun.awt.Win32GraphicsEnvironment, java.endorsed.dirs=C:\Program Files\Java\jdk1.8.0_161\jre\lib\endorsed, os.arch=amd64, surefire.real.class.path=C:\Users\dell\AppData\Local\Temp\surefire2121266087615474868\surefirebooter3041444372386325587.jar, java.io.tmpdir=C:\Users\dell\AppData\Local\Temp\, line.separator=
, java.vm.specification.vendor=Oracle Corporation, user.variant=, os.name=Windows 10, sun.jnu.encoding=GBK, java.library.path=C:\Program Files\Java\jdk1.8.0_161\jre\bin;C:\WINDOWS\Sun\Java\bin;C:\WINDOWS\system32;C:\WINDOWS;D:\app\product\11.2.0\dbhome_1\bin;C:\ProgramData\Oracle\Java\javapath;C:\Program Files (x86)\Intel\iCLS Client\;C:\Program Files\Intel\iCLS Client\;C:\Windows\system32;C:\Windows;C:\Windows\System32\Wbem;C:\Windows\System32\WindowsPowerShell\v1.0\;C:\Program Files (x86)\Intel\Intel(R) Management Engine Components\DAL;C:\Program Files\Intel\Intel(R) Management Engine Components\DAL;C:\Program Files (x86)\Intel\Intel(R) Management Engine Components\IPT;C:\Program Files\Intel\Intel(R) Management Engine Components\IPT;C:\Program Files (x86)\NVIDIA Corporation\PhysX\Common;C:\WINDOWS\system32;C:\WINDOWS;C:\WINDOWS\System32\Wbem;C:\WINDOWS\System32\WindowsPowerShell\v1.0\;C:\Program Files\Java\jdk1.8.0_161\bin;C:\Program Files\MySQL\MySQL Server 5.5\bin;C:\WINDOWS\System32\OpenSSH\;C:\Program Files\Intel\WiFi\bin\;C:\Program Files\Common Files\Intel\WirelessCommon\;D:\mongodb_64\bin;F:\apache-tomcat-8.5.35\bin;F:\apache-tomcat-8.5.35\lib;F:\apache-maven-3.6.0\bin;F:\SVN\svnService\bin;F:\SVN\svnCookie\bin;F:\Git\cmd;E:\es\;C:\Users\dell\AppData\Local\Microsoft\WindowsApps;C:\Users\dell\AppData\Roaming\npm;., surefire.test.class.path=F:\IdeaWorkSpace\huahua_parent1608v\mq\target\test-classes;F:\IdeaWorkSpace\huahua_parent1608v\mq\target\classes;E:\repository_pyg\org\springframework\boot\spring-boot-starter-amqp\2.0.5.RELEASE\spring-boot-starter-amqp-2.0.5.RELEASE.jar;E:\repository_pyg\org\springframework\boot\spring-boot-starter\2.0.5.RELEASE\spring-boot-starter-2.0.5.RELEASE.jar;E:\repository_pyg\org\springframework\boot\spring-boot\2.0.5.RELEASE\spring-boot-2.0.5.RELEASE.jar;E:\repository_pyg\org\springframework\boot\spring-boot-autoconfigure\2.0.5.RELEASE\spring-boot-autoconfigure-2.0.5.RELEASE.jar;E:\repository_pyg\org\springframework\boot\spring-boot-starter-logging\2.0.5.RELEASE\spring-boot-starter-logging-2.0.5.RELEASE.jar;E:\repository_pyg\ch\qos\logback\logback-classic\1.2.3\logback-classic-1.2.3.jar;E:\repository_pyg\ch\qos\logback\logback-core\1.2.3\logback-core-1.2.3.jar;E:\repository_pyg\org\apache\logging\log4j\log4j-to-slf4j\2.10.0\log4j-to-slf4j-2.10.0.jar;E:\repository_pyg\org\apache\logging\log4j\log4j-api\2.10.0\log4j-api-2.10.0.jar;E:\repository_pyg\org\slf4j\jul-to-slf4j\1.7.25\jul-to-slf4j-1.7.25.jar;E:\repository_pyg\javax\annotation\javax.annotation-api\1.3.2\javax.annotation-api-1.3.2.jar;E:\repository_pyg\org\yaml\snakeyaml\1.19\snakeyaml-1.19.jar;E:\repository_pyg\org\springframework\spring-messaging\5.0.9.RELEASE\spring-messaging-5.0.9.RELEASE.jar;E:\repository_pyg\org\springframework\spring-beans\5.0.9.RELEASE\spring-beans-5.0.9.RELEASE.jar;E:\repository_pyg\org\springframework\amqp\spring-rabbit\2.0.6.RELEASE\spring-rabbit-2.0.6.RELEASE.jar;E:\repository_pyg\org\springframework\amqp\spring-amqp\2.0.6.RELEASE\spring-amqp-2.0.6.RELEASE.jar;E:\repository_pyg\org\springframework\retry\spring-retry\1.2.2.RELEASE\spring-retry-1.2.2.RELEASE.jar;E:\repository_pyg\com\rabbitmq\amqp-client\5.4.1\amqp-client-5.4.1.jar;E:\repository_pyg\org\springframework\spring-context\5.0.9.RELEASE\spring-context-5.0.9.RELEASE.jar;E:\repository_pyg\org\springframework\spring-tx\5.0.9.RELEASE\spring-tx-5.0.9.RELEASE.jar;E:\repository_pyg\org\springframework\boot\spring-boot-starter-test\2.0.5.RELEASE\spring-boot-starter-test-2.0.5.RELEASE.jar;E:\repository_pyg\org\springframework\boot\spring-boot-test\2.0.5.RELEASE\spring-boot-test-2.0.5.RELEASE.jar;E:\repository_pyg\org\springframework\boot\spring-boot-test-autoconfigure\2.0.5.RELEASE\spring-boot-test-autoconfigure-2.0.5.RELEASE.jar;E:\repository_pyg\com\jayway\jsonpath\json-path\2.4.0\json-path-2.4.0.jar;E:\repository_pyg\net\minidev\json-smart\2.3\json-smart-2.3.jar;E:\repository_pyg\net\minidev\accessors-smart\1.2\accessors-smart-1.2.jar;E:\repository_pyg\org\ow2\asm\asm\5.0.4\asm-5.0.4.jar;E:\repository_pyg\org\slf4j\slf4j-api\1.7.25\slf4j-api-1.7.25.jar;E:\repository_pyg\junit\junit\4.12\junit-4.12.jar;E:\repository_pyg\org\assertj\assertj-core\3.9.1\assertj-core-3.9.1.jar;E:\repository_pyg\org\mockito\mockito-core\2.15.0\mockito-core-2.15.0.jar;E:\repository_pyg\net\bytebuddy\byte-buddy\1.7.11\byte-buddy-1.7.11.jar;E:\repository_pyg\net\bytebuddy\byte-buddy-agent\1.7.11\byte-buddy-agent-1.7.11.jar;E:\repository_pyg\org\objenesis\objenesis\2.6\objenesis-2.6.jar;E:\repository_pyg\org\hamcrest\hamcrest-core\1.3\hamcrest-core-1.3.jar;E:\repository_pyg\org\hamcrest\hamcrest-library\1.3\hamcrest-library-1.3.jar;E:\repository_pyg\org\skyscreamer\jsonassert\1.5.0\jsonassert-1.5.0.jar;E:\repository_pyg\com\vaadin\external\google\android-json\0.0.20131108.vaadin1\android-json-0.0.20131108.vaadin1.jar;E:\repository_pyg\org\springframework\spring-core\5.0.9.RELEASE\spring-core-5.0.9.RELEASE.jar;E:\repository_pyg\org\springframework\spring-jcl\5.0.9.RELEASE\spring-jcl-5.0.9.RELEASE.jar;E:\repository_pyg\org\springframework\spring-test\5.0.9.RELEASE\spring-test-5.0.9.RELEASE.jar;E:\repository_pyg\org\xmlunit\xmlunit-core\2.5.1\xmlunit-core-2.5.1.jar;E:\repository_pyg\org\projectlombok\lombok\1.18.6\lombok-1.18.6.jar;E:\repository_pyg\org\springframework\boot\spring-boot-starter-web\2.0.5.RELEASE\spring-boot-starter-web-2.0.5.RELEASE.jar;E:\repository_pyg\org\springframework\boot\spring-boot-starter-json\2.0.5.RELEASE\spring-boot-starter-json-2.0.5.RELEASE.jar;E:\repository_pyg\com\fasterxml\jackson\core\jackson-databind\2.9.6\jackson-databind-2.9.6.jar;E:\repository_pyg\com\fasterxml\jackson\core\jackson-annotations\2.9.0\jackson-annotations-2.9.0.jar;E:\repository_pyg\com\fasterxml\jackson\core\jackson-core\2.9.6\jackson-core-2.9.6.jar;E:\repository_pyg\com\fasterxml\jackson\datatype\jackson-datatype-jdk8\2.9.6\jackson-datatype-jdk8-2.9.6.jar;E:\repository_pyg\com\fasterxml\jackson\datatype\jackson-datatype-jsr310\2.9.6\jackson-datatype-jsr310-2.9.6.jar;E:\repository_pyg\com\fasterxml\jackson\module\jackson-module-parameter-names\2.9.6\jackson-module-parameter-names-2.9.6.jar;E:\repository_pyg\org\springframework\boot\spring-boot-starter-tomcat\2.0.5.RELEASE\spring-boot-starter-tomcat-2.0.5.RELEASE.jar;E:\repository_pyg\org\apache\tomcat\embed\tomcat-embed-core\8.5.34\tomcat-embed-core-8.5.34.jar;E:\repository_pyg\org\apache\tomcat\embed\tomcat-embed-el\8.5.34\tomcat-embed-el-8.5.34.jar;E:\repository_pyg\org\apache\tomcat\embed\tomcat-embed-websocket\8.5.34\tomcat-embed-websocket-8.5.34.jar;E:\repository_pyg\org\hibernate\validator\hibernate-validator\6.0.12.Final\hibernate-validator-6.0.12.Final.jar;E:\repository_pyg\javax\validation\validation-api\2.0.1.Final\validation-api-2.0.1.Final.jar;E:\repository_pyg\org\jboss\logging\jboss-logging\3.3.2.Final\jboss-logging-3.3.2.Final.jar;E:\repository_pyg\com\fasterxml\classmate\1.3.4\classmate-1.3.4.jar;E:\repository_pyg\org\springframework\spring-web\5.0.9.RELEASE\spring-web-5.0.9.RELEASE.jar;E:\repository_pyg\org\springframework\spring-webmvc\5.0.9.RELEASE\spring-webmvc-5.0.9.RELEASE.jar;E:\repository_pyg\org\springframework\spring-aop\5.0.9.RELEASE\spring-aop-5.0.9.RELEASE.jar;E:\repository_pyg\org\springframework\spring-expression\5.0.9.RELEASE\spring-expression-5.0.9.RELEASE.jar;E:\repository_pyg\mysql\mysql-connector-java\5.1.47\mysql-connector-java-5.1.47.jar;E:\repository_pyg\org\springframework\boot\spring-boot-starter-data-jpa\2.0.5.RELEASE\spring-boot-starter-data-jpa-2.0.5.RELEASE.jar;E:\repository_pyg\org\springframework\boot\spring-boot-starter-aop\2.0.5.RELEASE\spring-boot-starter-aop-2.0.5.RELEASE.jar;E:\repository_pyg\org\aspectj\aspectjweaver\1.8.13\aspectjweaver-1.8.13.jar;E:\repository_pyg\org\springframework\boot\spring-boot-starter-jdbc\2.0.5.RELEASE\spring-boot-starter-jdbc-2.0.5.RELEASE.jar;E:\repository_pyg\com\zaxxer\HikariCP\2.7.9\HikariCP-2.7.9.jar;E:\repository_pyg\org\springframework\spring-jdbc\5.0.9.RELEASE\spring-jdbc-5.0.9.RELEASE.jar;E:\repository_pyg\javax\transaction\javax.transaction-api\1.2\javax.transaction-api-1.2.jar;E:\repository_pyg\org\hibernate\hibernate-core\5.2.17.Final\hibernate-core-5.2.17.Final.jar;E:\repository_pyg\org\hibernate\javax\persistence\hibernate-jpa-2.1-api\1.0.2.Final\hibernate-jpa-2.1-api-1.0.2.Final.jar;E:\repository_pyg\org\javassist\javassist\3.22.0-GA\javassist-3.22.0-GA.jar;E:\repository_pyg\antlr\antlr\2.7.7\antlr-2.7.7.jar;E:\repository_pyg\org\jboss\jandex\2.0.3.Final\jandex-2.0.3.Final.jar;E:\repository_pyg\dom4j\dom4j\1.6.1\dom4j-1.6.1.jar;E:\repository_pyg\org\hibernate\common\hibernate-commons-annotations\5.0.1.Final\hibernate-commons-annotations-5.0.1.Final.jar;E:\repository_pyg\org\springframework\data\spring-data-jpa\2.0.10.RELEASE\spring-data-jpa-2.0.10.RELEASE.jar;E:\repository_pyg\org\springframework\data\spring-data-commons\2.0.10.RELEASE\spring-data-commons-2.0.10.RELEASE.jar;E:\repository_pyg\org\springframework\spring-orm\5.0.9.RELEASE\spring-orm-5.0.9.RELEASE.jar;E:\repository_pyg\org\springframework\spring-aspects\5.0.9.RELEASE\spring-aspects-5.0.9.RELEASE.jar;, java.specification.name=Java Platform API Specification, java.class.version=52.0, sun.management.compiler=HotSpot 64-Bit Tiered Compilers, os.version=10.0, user.home=C:\Users\dell, user.timezone=Asia/Shanghai, java.awt.printerjob=sun.awt.windows.WPrinterJob, file.encoding=GBK, java.specification.version=1.8, java.class.path=F:\IdeaWorkSpace\huahua_parent1608v\mq\target\test-classes;F:\IdeaWorkSpace\huahua_parent1608v\mq\target\classes;E:\repository_pyg\org\springframework\boot\spring-boot-starter-amqp\2.0.5.RELEASE\spring-boot-starter-amqp-2.0.5.RELEASE.jar;E:\repository_pyg\org\springframework\boot\spring-boot-starter\2.0.5.RELEASE\spring-boot-starter-2.0.5.RELEASE.jar;E:\repository_pyg\org\springframework\boot\spring-boot\2.0.5.RELEASE\spring-boot-2.0.5.RELEASE.jar;E:\repository_pyg\org\springframework\boot\spring-boot-autoconfigure\2.0.5.RELEASE\spring-boot-autoconfigure-2.0.5.RELEASE.jar;E:\repository_pyg\org\springframework\boot\spring-boot-starter-logging\2.0.5.RELEASE\spring-boot-starter-logging-2.0.5.RELEASE.jar;E:\repository_pyg\ch\qos\logback\logback-classic\1.2.3\logback-classic-1.2.3.jar;E:\repository_pyg\ch\qos\logback\logback-core\1.2.3\logback-core-1.2.3.jar;E:\repository_pyg\org\apache\logging\log4j\log4j-to-slf4j\2.10.0\log4j-to-slf4j-2.10.0.jar;E:\repository_pyg\org\apache\logging\log4j\log4j-api\2.10.0\log4j-api-2.10.0.jar;E:\repository_pyg\org\slf4j\jul-to-slf4j\1.7.25\jul-to-slf4j-1.7.25.jar;E:\repository_pyg\javax\annotation\javax.annotation-api\1.3.2\javax.annotation-api-1.3.2.jar;E:\repository_pyg\org\yaml\snakeyaml\1.19\snakeyaml-1.19.jar;E:\repository_pyg\org\springframework\spring-messaging\5.0.9.RELEASE\spring-messaging-5.0.9.RELEASE.jar;E:\repository_pyg\org\springframework\spring-beans\5.0.9.RELEASE\spring-beans-5.0.9.RELEASE.jar;E:\repository_pyg\org\springframework\amqp\spring-rabbit\2.0.6.RELEASE\spring-rabbit-2.0.6.RELEASE.jar;E:\repository_pyg\org\springframework\amqp\spring-amqp\2.0.6.RELEASE\spring-amqp-2.0.6.RELEASE.jar;E:\repository_pyg\org\springframework\retry\spring-retry\1.2.2.RELEASE\spring-retry-1.2.2.RELEASE.jar;E:\repository_pyg\com\rabbitmq\amqp-client\5.4.1\amqp-client-5.4.1.jar;E:\repository_pyg\org\springframework\spring-context\5.0.9.RELEASE\spring-context-5.0.9.RELEASE.jar;E:\repository_pyg\org\springframework\spring-tx\5.0.9.RELEASE\spring-tx-5.0.9.RELEASE.jar;E:\repository_pyg\org\springframework\boot\spring-boot-starter-test\2.0.5.RELEASE\spring-boot-starter-test-2.0.5.RELEASE.jar;E:\repository_pyg\org\springframework\boot\spring-boot-test\2.0.5.RELEASE\spring-boot-test-2.0.5.RELEASE.jar;E:\repository_pyg\org\springframework\boot\spring-boot-test-autoconfigure\2.0.5.RELEASE\spring-boot-test-autoconfigure-2.0.5.RELEASE.jar;E:\repository_pyg\com\jayway\jsonpath\json-path\2.4.0\json-path-2.4.0.jar;E:\repository_pyg\net\minidev\json-smart\2.3\json-smart-2.3.jar;E:\repository_pyg\net\minidev\accessors-smart\1.2\accessors-smart-1.2.jar;E:\repository_pyg\org\ow2\asm\asm\5.0.4\asm-5.0.4.jar;E:\repository_pyg\org\slf4j\slf4j-api\1.7.25\slf4j-api-1.7.25.jar;E:\repository_pyg\junit\junit\4.12\junit-4.12.jar;E:\repository_pyg\org\assertj\assertj-core\3.9.1\assertj-core-3.9.1.jar;E:\repository_pyg\org\mockito\mockito-core\2.15.0\mockito-core-2.15.0.jar;E:\repository_pyg\net\bytebuddy\byte-buddy\1.7.11\byte-buddy-1.7.11.jar;E:\repository_pyg\net\bytebuddy\byte-buddy-agent\1.7.11\byte-buddy-agent-1.7.11.jar;E:\repository_pyg\org\objenesis\objenesis\2.6\objenesis-2.6.jar;E:\repository_pyg\org\hamcrest\hamcrest-core\1.3\hamcrest-core-1.3.jar;E:\repository_pyg\org\hamcrest\hamcrest-library\1.3\hamcrest-library-1.3.jar;E:\repository_pyg\org\skyscreamer\jsonassert\1.5.0\jsonassert-1.5.0.jar;E:\repository_pyg\com\vaadin\external\google\android-json\0.0.20131108.vaadin1\android-json-0.0.20131108.vaadin1.jar;E:\repository_pyg\org\springframework\spring-core\5.0.9.RELEASE\spring-core-5.0.9.RELEASE.jar;E:\repository_pyg\org\springframework\spring-jcl\5.0.9.RELEASE\spring-jcl-5.0.9.RELEASE.jar;E:\repository_pyg\org\springframework\spring-test\5.0.9.RELEASE\spring-test-5.0.9.RELEASE.jar;E:\repository_pyg\org\xmlunit\xmlunit-core\2.5.1\xmlunit-core-2.5.1.jar;E:\repository_pyg\org\projectlombok\lombok\1.18.6\lombok-1.18.6.jar;E:\repository_pyg\org\springframework\boot\spring-boot-starter-web\2.0.5.RELEASE\spring-boot-starter-web-2.0.5.RELEASE.jar;E:\repository_pyg\org\springframework\boot\spring-boot-starter-json\2.0.5.RELEASE\spring-boot-starter-json-2.0.5.RELEASE.jar;E:\repository_pyg\com\fasterxml\jackson\core\jackson-databind\2.9.6\jackson-databind-2.9.6.jar;E:\repository_pyg\com\fasterxml\jackson\core\jackson-annotations\2.9.0\jackson-annotations-2.9.0.jar;E:\repository_pyg\com\fasterxml\jackson\core\jackson-core\2.9.6\jackson-core-2.9.6.jar;E:\repository_pyg\com\fasterxml\jackson\datatype\jackson-datatype-jdk8\2.9.6\jackson-datatype-jdk8-2.9.6.jar;E:\repository_pyg\com\fasterxml\jackson\datatype\jackson-datatype-jsr310\2.9.6\jackson-datatype-jsr310-2.9.6.jar;E:\repository_pyg\com\fasterxml\jackson\module\jackson-module-parameter-names\2.9.6\jackson-module-parameter-names-2.9.6.jar;E:\repository_pyg\org\springframework\boot\spring-boot-starter-tomcat\2.0.5.RELEASE\spring-boot-starter-tomcat-2.0.5.RELEASE.jar;E:\repository_pyg\org\apache\tomcat\embed\tomcat-embed-core\8.5.34\tomcat-embed-core-8.5.34.jar;E:\repository_pyg\org\apache\tomcat\embed\tomcat-embed-el\8.5.34\tomcat-embed-el-8.5.34.jar;E:\repository_pyg\org\apache\tomcat\embed\tomcat-embed-websocket\8.5.34\tomcat-embed-websocket-8.5.34.jar;E:\repository_pyg\org\hibernate\validator\hibernate-validator\6.0.12.Final\hibernate-validator-6.0.12.Final.jar;E:\repository_pyg\javax\validation\validation-api\2.0.1.Final\validation-api-2.0.1.Final.jar;E:\repository_pyg\org\jboss\logging\jboss-logging\3.3.2.Final\jboss-logging-3.3.2.Final.jar;E:\repository_pyg\com\fasterxml\classmate\1.3.4\classmate-1.3.4.jar;E:\repository_pyg\org\springframework\spring-web\5.0.9.RELEASE\spring-web-5.0.9.RELEASE.jar;E:\repository_pyg\org\springframework\spring-webmvc\5.0.9.RELEASE\spring-webmvc-5.0.9.RELEASE.jar;E:\repository_pyg\org\springframework\spring-aop\5.0.9.RELEASE\spring-aop-5.0.9.RELEASE.jar;E:\repository_pyg\org\springframework\spring-expression\5.0.9.RELEASE\spring-expression-5.0.9.RELEASE.jar;E:\repository_pyg\mysql\mysql-connector-java\5.1.47\mysql-connector-java-5.1.47.jar;E:\repository_pyg\org\springframework\boot\spring-boot-starter-data-jpa\2.0.5.RELEASE\spring-boot-starter-data-jpa-2.0.5.RELEASE.jar;E:\repository_pyg\org\springframework\boot\spring-boot-starter-aop\2.0.5.RELEASE\spring-boot-starter-aop-2.0.5.RELEASE.jar;E:\repository_pyg\org\aspectj\aspectjweaver\1.8.13\aspectjweaver-1.8.13.jar;E:\repository_pyg\org\springframework\boot\spring-boot-starter-jdbc\2.0.5.RELEASE\spring-boot-starter-jdbc-2.0.5.RELEASE.jar;E:\repository_pyg\com\zaxxer\HikariCP\2.7.9\HikariCP-2.7.9.jar;E:\repository_pyg\org\springframework\spring-jdbc\5.0.9.RELEASE\spring-jdbc-5.0.9.RELEASE.jar;E:\repository_pyg\javax\transaction\javax.transaction-api\1.2\javax.transaction-api-1.2.jar;E:\repository_pyg\org\hibernate\hibernate-core\5.2.17.Final\hibernate-core-5.2.17.Final.jar;E:\repository_pyg\org\hibernate\javax\persistence\hibernate-jpa-2.1-api\1.0.2.Final\hibernate-jpa-2.1-api-1.0.2.Final.jar;E:\repository_pyg\org\javassist\javassist\3.22.0-GA\javassist-3.22.0-GA.jar;E:\repository_pyg\antlr\antlr\2.7.7\antlr-2.7.7.jar;E:\repository_pyg\org\jboss\jandex\2.0.3.Final\jandex-2.0.3.Final.jar;E:\repository_pyg\dom4j\dom4j\1.6.1\dom4j-1.6.1.jar;E:\repository_pyg\org\hibernate\common\hibernate-commons-annotations\5.0.1.Final\hibernate-commons-annotations-5.0.1.Final.jar;E:\repository_pyg\org\springframework\data\spring-data-jpa\2.0.10.RELEASE\spring-data-jpa-2.0.10.RELEASE.jar;E:\repository_pyg\org\springframework\data\spring-data-commons\2.0.10.RELEASE\spring-data-commons-2.0.10.RELEASE.jar;E:\repository_pyg\org\springframework\spring-orm\5.0.9.RELEASE\spring-orm-5.0.9.RELEASE.jar;E:\repository_pyg\org\springframework\spring-aspects\5.0.9.RELEASE\spring-aspects-5.0.9.RELEASE.jar;, user.name=An, java.vm.specification.version=1.8, sun.java.command=C:\Users\dell\AppData\Local\Temp\surefire2121266087615474868\surefirebooter3041444372386325587.jar C:\Users\dell\AppData\Local\Temp\surefire2121266087615474868 2019-05-07T16-44-51_171-jvmRun1 surefire4556058479194594934tmp surefire_02493604589495026198tmp, java.home=C:\Program Files\Java\jdk1.8.0_161\jre, sun.arch.data.model=64, user.language=zh, java.specification.vendor=Oracle Corporation, awt.toolkit=sun.awt.windows.WToolkit, java.vm.info=mixed mode, java.version=1.8.0_161, java.ext.dirs=C:\Program Files\Java\jdk1.8.0_161\jre\lib\ext;C:\WINDOWS\Sun\Java\lib\ext, sun.boot.class.path=C:\Program Files\Java\jdk1.8.0_161\jre\lib\resources.jar;C:\Program Files\Java\jdk1.8.0_161\jre\lib\rt.jar;C:\Program Files\Java\jdk1.8.0_161\jre\lib\sunrsasign.jar;C:\Program Files\Java\jdk1.8.0_161\jre\lib\jsse.jar;C:\Program Files\Java\jdk1.8.0_161\jre\lib\jce.jar;C:\Program Files\Java\jdk1.8.0_161\jre\lib\charsets.jar;C:\Program Files\Java\jdk1.8.0_161\jre\lib\jfr.jar;C:\Program Files\Java\jdk1.8.0_161\jre\classes, java.vendor=Oracle Corporation, localRepository=E:\repository_pyg, file.separator=\, java.vendor.url.bug=http://bugreport.sun.com/bugreport/, sun.io.unicode.encoding=UnicodeLittle, sun.cpu.endian=little, sun.desktop=windows, sun.cpu.isalist=amd64}}, SystemEnvironmentPropertySource@811301908 {name='systemEnvironment', properties={PATH=D:\app\product\11.2.0\dbhome_1\bin;C:\ProgramData\Oracle\Java\javapath;C:\Program Files (x86)\Intel\iCLS Client\;C:\Program Files\Intel\iCLS Client\;C:\Windows\system32;C:\Windows;C:\Windows\System32\Wbem;C:\Windows\System32\WindowsPowerShell\v1.0\;C:\Program Files (x86)\Intel\Intel(R) Management Engine Components\DAL;C:\Program Files\Intel\Intel(R) Management Engine Components\DAL;C:\Program Files (x86)\Intel\Intel(R) Management Engine Components\IPT;C:\Program Files\Intel\Intel(R) Management Engine Components\IPT;C:\Program Files (x86)\NVIDIA Corporation\PhysX\Common;C:\WINDOWS\system32;C:\WINDOWS;C:\WINDOWS\System32\Wbem;C:\WINDOWS\System32\WindowsPowerShell\v1.0\;C:\Program Files\Java\jdk1.8.0_161\bin;C:\Program Files\MySQL\MySQL Server 5.5\bin;C:\WINDOWS\System32\OpenSSH\;C:\Program Files\Intel\WiFi\bin\;C:\Program Files\Common Files\Intel\WirelessCommon\;D:\mongodb_64\bin;F:\apache-tomcat-8.5.35\bin;F:\apache-tomcat-8.5.35\lib;F:\apache-maven-3.6.0\bin;F:\SVN\svnService\bin;F:\SVN\svnCookie\bin;F:\Git\cmd;E:\es\;C:\Users\dell\AppData\Local\Microsoft\WindowsApps;C:\Users\dell\AppData\Roaming\npm, USERDOMAIN_ROAMINGPROFILE=DESKTOP-UPEN2IJ, PROCESSOR_LEVEL=6, SYSTEMDRIVE=C:, SESSIONNAME=Console, ALLUSERSPROFILE=C:\ProgramData, PROCESSOR_ARCHITECTURE=AMD64, DRIVERDATA=C:\Windows\System32\Drivers\DriverData, MAVENHOME=F:\apache-maven-3.6.0, PROGRAMFILES=C:\Program Files, PSMODULEPATH=C:\Program Files\WindowsPowerShell\Modules;C:\WINDOWS\system32\WindowsPowerShell\v1.0\Modules;F:\SVN\svnService\PowerShellModules, PROGRAMDATA=C:\ProgramData, USERNAME=An, VISUALSVN_SERVER=F:\SVN\svnService\, FPS_BROWSER_USER_PROFILE_STRING=Default, ONEDRIVE=C:\Users\dell\OneDrive, PATHEXT=.COM;.EXE;.BAT;.CMD;.VBS;.VBE;.JS;.JSE;.WSF;.WSH;.MSC, WINDIR=C:\WINDOWS, =F:=F:\IdeaWorkSpace\huahua_parent1608v\mq, HOMEPATH=\Users\dell, PROCESSOR_IDENTIFIER=Intel64 Family 6 Model 142 Stepping 10, GenuineIntel, PUBLIC=C:\Users\Public, =::=::\, LOCALAPPDATA=C:\Users\dell\AppData\Local, COMMONPROGRAMFILES(X86)=C:\Program Files (x86)\Common Files, USERDOMAIN=DESKTOP-UPEN2IJ, FPS_BROWSER_APP_PROFILE_STRING=Internet Explorer, LOGONSERVER=\\DESKTOP-UPEN2IJ, JAVA_HOME=C:\Program Files\Java\jdk1.8.0_161, PROMPT=$P$G, PROGRAMFILES(X86)=C:\Program Files (x86), ERLANG_HOME=E:\Nwt\rabbitMQ\ra\erl9.2, CATALINA_BASE=F:\apache-tomcat-8.5.35, APPDATA=C:\Users\dell\AppData\Roaming, PROGRAMW6432=C:\Program Files, SYSTEMROOT=C:\WINDOWS, OS=Windows_NT, COMMONPROGRAMW6432=C:\Program Files\Common Files, COMPUTERNAME=DESKTOP-UPEN2IJ, COMMONPROGRAMFILES=C:\Program Files\Common Files, COMSPEC=C:\WINDOWS\system32\cmd.exe, CATALINA_HOME=F:\apache-tomcat-8.5.35, PROCESSOR_REVISION=8e0a, CLASSPATH=.C:\Program Files\Java\jdk1.8.0_161\lib;C:\Program Files\Java\jdk1.8.0_161\lib\tools.jarl, TEMP=C:\Users\dell\AppData\Local\Temp, HOMEDRIVE=C:, USERPROFILE=C:\Users\dell, TMP=C:\Users\dell\AppData\Local\Temp, NUMBER_OF_PROCESSORS=8}}]
16:45:45.780 [main] DEBUG org.springframework.test.context.support.TestPropertySourceUtils - Adding inlined properties to environment: {spring.jmx.enabled=false, org.springframework.boot.test.context.SpringBootTestContextBootstrapper=true, server.port=-1}
16:45:45.780 [main] DEBUG org.springframework.core.env.StandardEnvironment - Adding PropertySource 'Inlined Test Properties' with highest search precedence

  .   ____          _            __ _ _
 /\\ / ___'_ __ _ _(_)_ __  __ _ \ \ \ \
( ( )\___ | '_ | '_| | '_ \/ _` | \ \ \ \
 \\/  ___)| |_)| | | | | || (_| |  ) ) ) )
  '  |____| .__|_| |_|_| |_\__, | / / / /
 =========|_|==============|___/=/_/_/_/
 :: Spring Boot ::        (v2.0.5.RELEASE)

2019-05-07 16:45:46.940  INFO 436384 --- [           main] MqSendTest                               : Starting MqSendTest on DESKTOP-UPEN2IJ with PID 436384 (started by An in F:\IdeaWorkSpace\huahua_parent1608v\mq)
2019-05-07 16:45:46.941  INFO 436384 --- [           main] MqSendTest                               : No active profile set, falling back to default profiles: default
2019-05-07 16:45:46.987  INFO 436384 --- [           main] o.s.w.c.s.GenericWebApplicationContext   : Refreshing org.springframework.web.context.support.GenericWebApplicationContext@798162bc: startup date [Tue May 07 16:45:46 CST 2019]; root of context hierarchy
2019-05-07 16:45:49.086  INFO 436384 --- [           main] trationDelegate$BeanPostProcessorChecker : Bean 'org.springframework.amqp.rabbit.annotation.RabbitBootstrapConfiguration' of type [org.springframework.amqp.rabbit.annotation.RabbitBootstrapConfiguration$$EnhancerBySpringCGLIB$$675d05a9] is not eligible for getting processed by all BeanPostProcessors (for example: not eligible for auto-proxying)
2019-05-07 16:45:49.847  INFO 436384 --- [           main] o.s.w.s.handler.SimpleUrlHandlerMapping  : Mapped URL path [/**/favicon.ico] onto handler of type [class org.springframework.web.servlet.resource.ResourceHttpRequestHandler]
2019-05-07 16:45:50.343  INFO 436384 --- [           main] s.w.s.m.m.a.RequestMappingHandlerAdapter : Looking for @ControllerAdvice: org.springframework.web.context.support.GenericWebApplicationContext@798162bc: startup date [Tue May 07 16:45:46 CST 2019]; root of context hierarchy
2019-05-07 16:45:50.479  INFO 436384 --- [           main] s.w.s.m.m.a.RequestMappingHandlerMapping : Mapped "{[/error]}" onto public org.springframework.http.ResponseEntity<java.util.Map<java.lang.String, java.lang.Object>> org.springframework.boot.autoconfigure.web.servlet.error.BasicErrorController.error(javax.servlet.http.HttpServletRequest)
2019-05-07 16:45:50.482  INFO 436384 --- [           main] s.w.s.m.m.a.RequestMappingHandlerMapping : Mapped "{[/error],produces=[text/html]}" onto public org.springframework.web.servlet.ModelAndView org.springframework.boot.autoconfigure.web.servlet.error.BasicErrorController.errorHtml(javax.servlet.http.HttpServletRequest,javax.servlet.http.HttpServletResponse)
2019-05-07 16:45:50.527  INFO 436384 --- [           main] o.s.w.s.handler.SimpleUrlHandlerMapping  : Mapped URL path [/webjars/**] onto handler of type [class org.springframework.web.servlet.resource.ResourceHttpRequestHandler]
2019-05-07 16:45:50.527  INFO 436384 --- [           main] o.s.w.s.handler.SimpleUrlHandlerMapping  : Mapped URL path [/**] onto handler of type [class org.springframework.web.servlet.resource.ResourceHttpRequestHandler]
2019-05-07 16:45:51.592  INFO 436384 --- [           main] o.s.c.support.DefaultLifecycleProcessor  : Starting beans in phase 2147483647
2019-05-07 16:45:51.612  INFO 436384 --- [cTaskExecutor-1] o.s.a.r.c.CachingConnectionFactory       : Attempting to connect to: [192.168.149.129:5672]
2019-05-07 16:45:51.719  INFO 436384 --- [cTaskExecutor-1] o.s.a.r.c.CachingConnectionFactory       : Created new connection: rabbitConnectionFactory#bdd2027:0/SimpleConnection@1407db6 [delegate=amqp://guest@192.168.149.129:5672/, localPort= 58502]
2019-05-07 16:45:51.760  WARN 436384 --- [cTaskExecutor-1] o.s.a.r.listener.BlockingQueueConsumer   : Failed to declare queue: info
2019-05-07 16:45:51.769  WARN 436384 --- [cTaskExecutor-1] o.s.a.r.listener.BlockingQueueConsumer   : Queue declaration failed; retries left=3

org.springframework.amqp.rabbit.listener.BlockingQueueConsumer$DeclarationException: Failed to declare queue(s):[info]
	at org.springframework.amqp.rabbit.listener.BlockingQueueConsumer.attemptPassiveDeclarations(BlockingQueueConsumer.java:696) ~[spring-rabbit-2.0.6.RELEASE.jar:2.0.6.RELEASE]
	at org.springframework.amqp.rabbit.listener.BlockingQueueConsumer.start(BlockingQueueConsumer.java:586) ~[spring-rabbit-2.0.6.RELEASE.jar:2.0.6.RELEASE]
	at org.springframework.amqp.rabbit.listener.SimpleMessageListenerContainer$AsyncMessageProcessingConsumer.run(SimpleMessageListenerContainer.java:996) [spring-rabbit-2.0.6.RELEASE.jar:2.0.6.RELEASE]
	at java.lang.Thread.run(Thread.java:748) [na:1.8.0_161]
Caused by: java.io.IOException: null
	at com.rabbitmq.client.impl.AMQChannel.wrap(AMQChannel.java:126) ~[amqp-client-5.4.1.jar:5.4.1]
	at com.rabbitmq.client.impl.AMQChannel.wrap(AMQChannel.java:122) ~[amqp-client-5.4.1.jar:5.4.1]
	at com.rabbitmq.client.impl.AMQChannel.exnWrappingRpc(AMQChannel.java:144) ~[amqp-client-5.4.1.jar:5.4.1]
	at com.rabbitmq.client.impl.ChannelN.queueDeclarePassive(ChannelN.java:1006) ~[amqp-client-5.4.1.jar:5.4.1]
	at com.rabbitmq.client.impl.ChannelN.queueDeclarePassive(ChannelN.java:52) ~[amqp-client-5.4.1.jar:5.4.1]
	at sun.reflect.NativeMethodAccessorImpl.invoke0(Native Method) ~[na:1.8.0_161]
	at sun.reflect.NativeMethodAccessorImpl.invoke(NativeMethodAccessorImpl.java:62) ~[na:1.8.0_161]
	at sun.reflect.DelegatingMethodAccessorImpl.invoke(DelegatingMethodAccessorImpl.java:43) ~[na:1.8.0_161]
	at java.lang.reflect.Method.invoke(Method.java:498) ~[na:1.8.0_161]
	at org.springframework.amqp.rabbit.connection.CachingConnectionFactory$CachedChannelInvocationHandler.invoke(CachingConnectionFactory.java:1032) ~[spring-rabbit-2.0.6.RELEASE.jar:2.0.6.RELEASE]
	at com.sun.proxy.$Proxy78.queueDeclarePassive(Unknown Source) ~[na:na]
	at org.springframework.amqp.rabbit.listener.BlockingQueueConsumer.attemptPassiveDeclarations(BlockingQueueConsumer.java:675) ~[spring-rabbit-2.0.6.RELEASE.jar:2.0.6.RELEASE]
	... 3 common frames omitted
Caused by: com.rabbitmq.client.ShutdownSignalException: channel error; protocol method: #method<channel.close>(reply-code=404, reply-text=NOT_FOUND - no queue 'info' in vhost '/', class-id=50, method-id=10)
	at com.rabbitmq.utility.ValueOrException.getValue(ValueOrException.java:66) ~[amqp-client-5.4.1.jar:5.4.1]
	at com.rabbitmq.utility.BlockingValueOrException.uninterruptibleGetValue(BlockingValueOrException.java:36) ~[amqp-client-5.4.1.jar:5.4.1]
	at com.rabbitmq.client.impl.AMQChannel$BlockingRpcContinuation.getReply(AMQChannel.java:494) ~[amqp-client-5.4.1.jar:5.4.1]
	at com.rabbitmq.client.impl.AMQChannel.privateRpc(AMQChannel.java:288) ~[amqp-client-5.4.1.jar:5.4.1]
	at com.rabbitmq.client.impl.AMQChannel.exnWrappingRpc(AMQChannel.java:138) ~[amqp-client-5.4.1.jar:5.4.1]
	... 12 common frames omitted
Caused by: com.rabbitmq.client.ShutdownSignalException: channel error; protocol method: #method<channel.close>(reply-code=404, reply-text=NOT_FOUND - no queue 'info' in vhost '/', class-id=50, method-id=10)
	at com.rabbitmq.client.impl.ChannelN.asyncShutdown(ChannelN.java:516) ~[amqp-client-5.4.1.jar:5.4.1]
	at com.rabbitmq.client.impl.ChannelN.processAsync(ChannelN.java:346) ~[amqp-client-5.4.1.jar:5.4.1]
	at com.rabbitmq.client.impl.AMQChannel.handleCompleteInboundCommand(AMQChannel.java:178) ~[amqp-client-5.4.1.jar:5.4.1]
	at com.rabbitmq.client.impl.AMQChannel.handleFrame(AMQChannel.java:111) ~[amqp-client-5.4.1.jar:5.4.1]
	at com.rabbitmq.client.impl.AMQConnection.readFrame(AMQConnection.java:670) ~[amqp-client-5.4.1.jar:5.4.1]
	at com.rabbitmq.client.impl.AMQConnection.access$300(AMQConnection.java:48) ~[amqp-client-5.4.1.jar:5.4.1]
	at com.rabbitmq.client.impl.AMQConnection$MainLoop.run(AMQConnection.java:597) ~[amqp-client-5.4.1.jar:5.4.1]
	... 1 common frames omitted

2019-05-07 16:45:56.783  WARN 436384 --- [cTaskExecutor-1] o.s.a.r.listener.BlockingQueueConsumer   : Failed to declare queue: info
2019-05-07 16:45:56.785  WARN 436384 --- [cTaskExecutor-1] o.s.a.r.listener.BlockingQueueConsumer   : Queue declaration failed; retries left=2

org.springframework.amqp.rabbit.listener.BlockingQueueConsumer$DeclarationException: Failed to declare queue(s):[info]
	at org.springframework.amqp.rabbit.listener.BlockingQueueConsumer.attemptPassiveDeclarations(BlockingQueueConsumer.java:696) ~[spring-rabbit-2.0.6.RELEASE.jar:2.0.6.RELEASE]
	at org.springframework.amqp.rabbit.listener.BlockingQueueConsumer.start(BlockingQueueConsumer.java:586) ~[spring-rabbit-2.0.6.RELEASE.jar:2.0.6.RELEASE]
	at org.springframework.amqp.rabbit.listener.SimpleMessageListenerContainer$AsyncMessageProcessingConsumer.run(SimpleMessageListenerContainer.java:996) [spring-rabbit-2.0.6.RELEASE.jar:2.0.6.RELEASE]
	at java.lang.Thread.run(Thread.java:748) [na:1.8.0_161]
Caused by: java.io.IOException: null
	at com.rabbitmq.client.impl.AMQChannel.wrap(AMQChannel.java:126) ~[amqp-client-5.4.1.jar:5.4.1]
	at com.rabbitmq.client.impl.AMQChannel.wrap(AMQChannel.java:122) ~[amqp-client-5.4.1.jar:5.4.1]
	at com.rabbitmq.client.impl.AMQChannel.exnWrappingRpc(AMQChannel.java:144) ~[amqp-client-5.4.1.jar:5.4.1]
	at com.rabbitmq.client.impl.ChannelN.queueDeclarePassive(ChannelN.java:1006) ~[amqp-client-5.4.1.jar:5.4.1]
	at com.rabbitmq.client.impl.ChannelN.queueDeclarePassive(ChannelN.java:52) ~[amqp-client-5.4.1.jar:5.4.1]
	at sun.reflect.NativeMethodAccessorImpl.invoke0(Native Method) ~[na:1.8.0_161]
	at sun.reflect.NativeMethodAccessorImpl.invoke(NativeMethodAccessorImpl.java:62) ~[na:1.8.0_161]
	at sun.reflect.DelegatingMethodAccessorImpl.invoke(DelegatingMethodAccessorImpl.java:43) ~[na:1.8.0_161]
	at java.lang.reflect.Method.invoke(Method.java:498) ~[na:1.8.0_161]
	at org.springframework.amqp.rabbit.connection.CachingConnectionFactory$CachedChannelInvocationHandler.invoke(CachingConnectionFactory.java:1032) ~[spring-rabbit-2.0.6.RELEASE.jar:2.0.6.RELEASE]
	at com.sun.proxy.$Proxy78.queueDeclarePassive(Unknown Source) ~[na:na]
	at org.springframework.amqp.rabbit.listener.BlockingQueueConsumer.attemptPassiveDeclarations(BlockingQueueConsumer.java:675) ~[spring-rabbit-2.0.6.RELEASE.jar:2.0.6.RELEASE]
	... 3 common frames omitted
Caused by: com.rabbitmq.client.ShutdownSignalException: channel error; protocol method: #method<channel.close>(reply-code=404, reply-text=NOT_FOUND - no queue 'info' in vhost '/', class-id=50, method-id=10)
	at com.rabbitmq.utility.ValueOrException.getValue(ValueOrException.java:66) ~[amqp-client-5.4.1.jar:5.4.1]
	at com.rabbitmq.utility.BlockingValueOrException.uninterruptibleGetValue(BlockingValueOrException.java:36) ~[amqp-client-5.4.1.jar:5.4.1]
	at com.rabbitmq.client.impl.AMQChannel$BlockingRpcContinuation.getReply(AMQChannel.java:494) ~[amqp-client-5.4.1.jar:5.4.1]
	at com.rabbitmq.client.impl.AMQChannel.privateRpc(AMQChannel.java:288) ~[amqp-client-5.4.1.jar:5.4.1]
	at com.rabbitmq.client.impl.AMQChannel.exnWrappingRpc(AMQChannel.java:138) ~[amqp-client-5.4.1.jar:5.4.1]
	... 12 common frames omitted
Caused by: com.rabbitmq.client.ShutdownSignalException: channel error; protocol method: #method<channel.close>(reply-code=404, reply-text=NOT_FOUND - no queue 'info' in vhost '/', class-id=50, method-id=10)
	at com.rabbitmq.client.impl.ChannelN.asyncShutdown(ChannelN.java:516) ~[amqp-client-5.4.1.jar:5.4.1]
	at com.rabbitmq.client.impl.ChannelN.processAsync(ChannelN.java:346) ~[amqp-client-5.4.1.jar:5.4.1]
	at com.rabbitmq.client.impl.AMQChannel.handleCompleteInboundCommand(AMQChannel.java:178) ~[amqp-client-5.4.1.jar:5.4.1]
	at com.rabbitmq.client.impl.AMQChannel.handleFrame(AMQChannel.java:111) ~[amqp-client-5.4.1.jar:5.4.1]
	at com.rabbitmq.client.impl.AMQConnection.readFrame(AMQConnection.java:670) ~[amqp-client-5.4.1.jar:5.4.1]
	at com.rabbitmq.client.impl.AMQConnection.access$300(AMQConnection.java:48) ~[amqp-client-5.4.1.jar:5.4.1]
	at com.rabbitmq.client.impl.AMQConnection$MainLoop.run(AMQConnection.java:597) ~[amqp-client-5.4.1.jar:5.4.1]
	... 1 common frames omitted

2019-05-07 16:46:01.793  WARN 436384 --- [cTaskExecutor-1] o.s.a.r.listener.BlockingQueueConsumer   : Failed to declare queue: info
2019-05-07 16:46:01.794  WARN 436384 --- [cTaskExecutor-1] o.s.a.r.listener.BlockingQueueConsumer   : Queue declaration failed; retries left=1

org.springframework.amqp.rabbit.listener.BlockingQueueConsumer$DeclarationException: Failed to declare queue(s):[info]
	at org.springframework.amqp.rabbit.listener.BlockingQueueConsumer.attemptPassiveDeclarations(BlockingQueueConsumer.java:696) ~[spring-rabbit-2.0.6.RELEASE.jar:2.0.6.RELEASE]
	at org.springframework.amqp.rabbit.listener.BlockingQueueConsumer.start(BlockingQueueConsumer.java:586) ~[spring-rabbit-2.0.6.RELEASE.jar:2.0.6.RELEASE]
	at org.springframework.amqp.rabbit.listener.SimpleMessageListenerContainer$AsyncMessageProcessingConsumer.run(SimpleMessageListenerContainer.java:996) [spring-rabbit-2.0.6.RELEASE.jar:2.0.6.RELEASE]
	at java.lang.Thread.run(Thread.java:748) [na:1.8.0_161]
Caused by: java.io.IOException: null
	at com.rabbitmq.client.impl.AMQChannel.wrap(AMQChannel.java:126) ~[amqp-client-5.4.1.jar:5.4.1]
	at com.rabbitmq.client.impl.AMQChannel.wrap(AMQChannel.java:122) ~[amqp-client-5.4.1.jar:5.4.1]
	at com.rabbitmq.client.impl.AMQChannel.exnWrappingRpc(AMQChannel.java:144) ~[amqp-client-5.4.1.jar:5.4.1]
	at com.rabbitmq.client.impl.ChannelN.queueDeclarePassive(ChannelN.java:1006) ~[amqp-client-5.4.1.jar:5.4.1]
	at com.rabbitmq.client.impl.ChannelN.queueDeclarePassive(ChannelN.java:52) ~[amqp-client-5.4.1.jar:5.4.1]
	at sun.reflect.NativeMethodAccessorImpl.invoke0(Native Method) ~[na:1.8.0_161]
	at sun.reflect.NativeMethodAccessorImpl.invoke(NativeMethodAccessorImpl.java:62) ~[na:1.8.0_161]
	at sun.reflect.DelegatingMethodAccessorImpl.invoke(DelegatingMethodAccessorImpl.java:43) ~[na:1.8.0_161]
	at java.lang.reflect.Method.invoke(Method.java:498) ~[na:1.8.0_161]
	at org.springframework.amqp.rabbit.connection.CachingConnectionFactory$CachedChannelInvocationHandler.invoke(CachingConnectionFactory.java:1032) ~[spring-rabbit-2.0.6.RELEASE.jar:2.0.6.RELEASE]
	at com.sun.proxy.$Proxy78.queueDeclarePassive(Unknown Source) ~[na:na]
	at org.springframework.amqp.rabbit.listener.BlockingQueueConsumer.attemptPassiveDeclarations(BlockingQueueConsumer.java:675) ~[spring-rabbit-2.0.6.RELEASE.jar:2.0.6.RELEASE]
	... 3 common frames omitted
Caused by: com.rabbitmq.client.ShutdownSignalException: channel error; protocol method: #method<channel.close>(reply-code=404, reply-text=NOT_FOUND - no queue 'info' in vhost '/', class-id=50, method-id=10)
	at com.rabbitmq.utility.ValueOrException.getValue(ValueOrException.java:66) ~[amqp-client-5.4.1.jar:5.4.1]
	at com.rabbitmq.utility.BlockingValueOrException.uninterruptibleGetValue(BlockingValueOrException.java:36) ~[amqp-client-5.4.1.jar:5.4.1]
	at com.rabbitmq.client.impl.AMQChannel$BlockingRpcContinuation.getReply(AMQChannel.java:494) ~[amqp-client-5.4.1.jar:5.4.1]
	at com.rabbitmq.client.impl.AMQChannel.privateRpc(AMQChannel.java:288) ~[amqp-client-5.4.1.jar:5.4.1]
	at com.rabbitmq.client.impl.AMQChannel.exnWrappingRpc(AMQChannel.java:138) ~[amqp-client-5.4.1.jar:5.4.1]
	... 12 common frames omitted
Caused by: com.rabbitmq.client.ShutdownSignalException: channel error; protocol method: #method<channel.close>(reply-code=404, reply-text=NOT_FOUND - no queue 'info' in vhost '/', class-id=50, method-id=10)
	at com.rabbitmq.client.impl.ChannelN.asyncShutdown(ChannelN.java:516) ~[amqp-client-5.4.1.jar:5.4.1]
	at com.rabbitmq.client.impl.ChannelN.processAsync(ChannelN.java:346) ~[amqp-client-5.4.1.jar:5.4.1]
	at com.rabbitmq.client.impl.AMQChannel.handleCompleteInboundCommand(AMQChannel.java:178) ~[amqp-client-5.4.1.jar:5.4.1]
	at com.rabbitmq.client.impl.AMQChannel.handleFrame(AMQChannel.java:111) ~[amqp-client-5.4.1.jar:5.4.1]
	at com.rabbitmq.client.impl.AMQConnection.readFrame(AMQConnection.java:670) ~[amqp-client-5.4.1.jar:5.4.1]
	at com.rabbitmq.client.impl.AMQConnection.access$300(AMQConnection.java:48) ~[amqp-client-5.4.1.jar:5.4.1]
	at com.rabbitmq.client.impl.AMQConnection$MainLoop.run(AMQConnection.java:597) ~[amqp-client-5.4.1.jar:5.4.1]
	... 1 common frames omitted

2019-05-07 16:46:06.799  WARN 436384 --- [cTaskExecutor-1] o.s.a.r.listener.BlockingQueueConsumer   : Failed to declare queue: info
2019-05-07 16:46:06.800 ERROR 436384 --- [cTaskExecutor-1] o.s.a.r.l.SimpleMessageListenerContainer : Consumer received fatal=false exception on startup

org.springframework.amqp.rabbit.listener.QueuesNotAvailableException: Cannot prepare queue for listener. Either the queue doesn't exist or the broker will not allow us to use it.
	at org.springframework.amqp.rabbit.listener.BlockingQueueConsumer.start(BlockingQueueConsumer.java:618) ~[spring-rabbit-2.0.6.RELEASE.jar:2.0.6.RELEASE]
	at org.springframework.amqp.rabbit.listener.SimpleMessageListenerContainer$AsyncMessageProcessingConsumer.run(SimpleMessageListenerContainer.java:996) ~[spring-rabbit-2.0.6.RELEASE.jar:2.0.6.RELEASE]
	at java.lang.Thread.run(Thread.java:748) [na:1.8.0_161]
Caused by: org.springframework.amqp.rabbit.listener.BlockingQueueConsumer$DeclarationException: Failed to declare queue(s):[info]
	at org.springframework.amqp.rabbit.listener.BlockingQueueConsumer.attemptPassiveDeclarations(BlockingQueueConsumer.java:696) ~[spring-rabbit-2.0.6.RELEASE.jar:2.0.6.RELEASE]
	at org.springframework.amqp.rabbit.listener.BlockingQueueConsumer.start(BlockingQueueConsumer.java:586) ~[spring-rabbit-2.0.6.RELEASE.jar:2.0.6.RELEASE]
	... 2 common frames omitted
Caused by: java.io.IOException: null
	at com.rabbitmq.client.impl.AMQChannel.wrap(AMQChannel.java:126) ~[amqp-client-5.4.1.jar:5.4.1]
	at com.rabbitmq.client.impl.AMQChannel.wrap(AMQChannel.java:122) ~[amqp-client-5.4.1.jar:5.4.1]
	at com.rabbitmq.client.impl.AMQChannel.exnWrappingRpc(AMQChannel.java:144) ~[amqp-client-5.4.1.jar:5.4.1]
	at com.rabbitmq.client.impl.ChannelN.queueDeclarePassive(ChannelN.java:1006) ~[amqp-client-5.4.1.jar:5.4.1]
	at com.rabbitmq.client.impl.ChannelN.queueDeclarePassive(ChannelN.java:52) ~[amqp-client-5.4.1.jar:5.4.1]
	at sun.reflect.NativeMethodAccessorImpl.invoke0(Native Method) ~[na:1.8.0_161]
	at sun.reflect.NativeMethodAccessorImpl.invoke(NativeMethodAccessorImpl.java:62) ~[na:1.8.0_161]
	at sun.reflect.DelegatingMethodAccessorImpl.invoke(DelegatingMethodAccessorImpl.java:43) ~[na:1.8.0_161]
	at java.lang.reflect.Method.invoke(Method.java:498) ~[na:1.8.0_161]
	at org.springframework.amqp.rabbit.connection.CachingConnectionFactory$CachedChannelInvocationHandler.invoke(CachingConnectionFactory.java:1032) ~[spring-rabbit-2.0.6.RELEASE.jar:2.0.6.RELEASE]
	at com.sun.proxy.$Proxy78.queueDeclarePassive(Unknown Source) ~[na:na]
	at org.springframework.amqp.rabbit.listener.BlockingQueueConsumer.attemptPassiveDeclarations(BlockingQueueConsumer.java:675) ~[spring-rabbit-2.0.6.RELEASE.jar:2.0.6.RELEASE]
	... 3 common frames omitted
Caused by: com.rabbitmq.client.ShutdownSignalException: channel error; protocol method: #method<channel.close>(reply-code=404, reply-text=NOT_FOUND - no queue 'info' in vhost '/', class-id=50, method-id=10)
	at com.rabbitmq.utility.ValueOrException.getValue(ValueOrException.java:66) ~[amqp-client-5.4.1.jar:5.4.1]
	at com.rabbitmq.utility.BlockingValueOrException.uninterruptibleGetValue(BlockingValueOrException.java:36) ~[amqp-client-5.4.1.jar:5.4.1]
	at com.rabbitmq.client.impl.AMQChannel$BlockingRpcContinuation.getReply(AMQChannel.java:494) ~[amqp-client-5.4.1.jar:5.4.1]
	at com.rabbitmq.client.impl.AMQChannel.privateRpc(AMQChannel.java:288) ~[amqp-client-5.4.1.jar:5.4.1]
	at com.rabbitmq.client.impl.AMQChannel.exnWrappingRpc(AMQChannel.java:138) ~[amqp-client-5.4.1.jar:5.4.1]
	... 12 common frames omitted
Caused by: com.rabbitmq.client.ShutdownSignalException: channel error; protocol method: #method<channel.close>(reply-code=404, reply-text=NOT_FOUND - no queue 'info' in vhost '/', class-id=50, method-id=10)
	at com.rabbitmq.client.impl.ChannelN.asyncShutdown(ChannelN.java:516) ~[amqp-client-5.4.1.jar:5.4.1]
	at com.rabbitmq.client.impl.ChannelN.processAsync(ChannelN.java:346) ~[amqp-client-5.4.1.jar:5.4.1]
	at com.rabbitmq.client.impl.AMQChannel.handleCompleteInboundCommand(AMQChannel.java:178) ~[amqp-client-5.4.1.jar:5.4.1]
	at com.rabbitmq.client.impl.AMQChannel.handleFrame(AMQChannel.java:111) ~[amqp-client-5.4.1.jar:5.4.1]
	at com.rabbitmq.client.impl.AMQConnection.readFrame(AMQConnection.java:670) ~[amqp-client-5.4.1.jar:5.4.1]
	at com.rabbitmq.client.impl.AMQConnection.access$300(AMQConnection.java:48) ~[amqp-client-5.4.1.jar:5.4.1]
	at com.rabbitmq.client.impl.AMQConnection$MainLoop.run(AMQConnection.java:597) ~[amqp-client-5.4.1.jar:5.4.1]
	... 1 common frames omitted

2019-05-07 16:46:06.802  WARN 436384 --- [           main] o.s.w.c.s.GenericWebApplicationContext   : Exception encountered during context initialization - cancelling refresh attempt: org.springframework.context.ApplicationContextException: Failed to start bean 'org.springframework.amqp.rabbit.config.internalRabbitListenerEndpointRegistry'; nested exception is org.springframework.amqp.AmqpIllegalStateException: Fatal exception on listener startup
2019-05-07 16:46:06.802 ERROR 436384 --- [cTaskExecutor-1] o.s.a.r.l.SimpleMessageListenerContainer : Stopping container from aborted consumer
2019-05-07 16:46:06.803  INFO 436384 --- [cTaskExecutor-1] o.s.a.r.l.SimpleMessageListenerContainer : Waiting for workers to finish.
2019-05-07 16:46:06.803  INFO 436384 --- [           main] o.s.a.r.l.SimpleMessageListenerContainer : Shutdown ignored - container is not active already
2019-05-07 16:46:06.803  INFO 436384 --- [           main] o.s.a.r.l.SimpleMessageListenerContainer : Shutdown ignored - container is not active already
2019-05-07 16:46:06.803  INFO 436384 --- [cTaskExecutor-1] o.s.a.r.l.SimpleMessageListenerContainer : Successfully waited for workers to finish.
2019-05-07 16:46:06.803  INFO 436384 --- [           main] o.s.a.r.l.SimpleMessageListenerContainer : Shutdown ignored - container is not active already
2019-05-07 16:46:06.817  INFO 436384 --- [           main] ConditionEvaluationReportLoggingListener : 

Error starting ApplicationContext. To display the conditions report re-run your application with 'debug' enabled.
2019-05-07 16:46:06.822 ERROR 436384 --- [           main] o.s.boot.SpringApplication               : Application run failed

org.springframework.context.ApplicationContextException: Failed to start bean 'org.springframework.amqp.rabbit.config.internalRabbitListenerEndpointRegistry'; nested exception is org.springframework.amqp.AmqpIllegalStateException: Fatal exception on listener startup
	at org.springframework.context.support.DefaultLifecycleProcessor.doStart(DefaultLifecycleProcessor.java:185) ~[spring-context-5.0.9.RELEASE.jar:5.0.9.RELEASE]
	at org.springframework.context.support.DefaultLifecycleProcessor.access$200(DefaultLifecycleProcessor.java:53) ~[spring-context-5.0.9.RELEASE.jar:5.0.9.RELEASE]
	at org.springframework.context.support.DefaultLifecycleProcessor$LifecycleGroup.start(DefaultLifecycleProcessor.java:360) ~[spring-context-5.0.9.RELEASE.jar:5.0.9.RELEASE]
	at org.springframework.context.support.DefaultLifecycleProcessor.startBeans(DefaultLifecycleProcessor.java:158) ~[spring-context-5.0.9.RELEASE.jar:5.0.9.RELEASE]
	at org.springframework.context.support.DefaultLifecycleProcessor.onRefresh(DefaultLifecycleProcessor.java:122) ~[spring-context-5.0.9.RELEASE.jar:5.0.9.RELEASE]
	at org.springframework.context.support.AbstractApplicationContext.finishRefresh(AbstractApplicationContext.java:885) ~[spring-context-5.0.9.RELEASE.jar:5.0.9.RELEASE]
	at org.springframework.context.support.AbstractApplicationContext.refresh(AbstractApplicationContext.java:553) ~[spring-context-5.0.9.RELEASE.jar:5.0.9.RELEASE]
	at org.springframework.boot.SpringApplication.refresh(SpringApplication.java:780) ~[spring-boot-2.0.5.RELEASE.jar:2.0.5.RELEASE]
	at org.springframework.boot.SpringApplication.refreshContext(SpringApplication.java:412) ~[spring-boot-2.0.5.RELEASE.jar:2.0.5.RELEASE]
	at org.springframework.boot.SpringApplication.run(SpringApplication.java:333) ~[spring-boot-2.0.5.RELEASE.jar:2.0.5.RELEASE]
	at org.springframework.boot.test.context.SpringBootContextLoader.loadContext(SpringBootContextLoader.java:139) [spring-boot-test-2.0.5.RELEASE.jar:2.0.5.RELEASE]
	at org.springframework.test.context.cache.DefaultCacheAwareContextLoaderDelegate.loadContextInternal(DefaultCacheAwareContextLoaderDelegate.java:99) [spring-test-5.0.9.RELEASE.jar:5.0.9.RELEASE]
	at org.springframework.test.context.cache.DefaultCacheAwareContextLoaderDelegate.loadContext(DefaultCacheAwareContextLoaderDelegate.java:117) [spring-test-5.0.9.RELEASE.jar:5.0.9.RELEASE]
	at org.springframework.test.context.support.DefaultTestContext.getApplicationContext(DefaultTestContext.java:108) [spring-test-5.0.9.RELEASE.jar:5.0.9.RELEASE]
	at org.springframework.test.context.web.ServletTestExecutionListener.setUpRequestContextIfNecessary(ServletTestExecutionListener.java:190) [spring-test-5.0.9.RELEASE.jar:5.0.9.RELEASE]
	at org.springframework.test.context.web.ServletTestExecutionListener.prepareTestInstance(ServletTestExecutionListener.java:132) [spring-test-5.0.9.RELEASE.jar:5.0.9.RELEASE]
	at org.springframework.test.context.TestContextManager.prepareTestInstance(TestContextManager.java:246) [spring-test-5.0.9.RELEASE.jar:5.0.9.RELEASE]
	at org.springframework.test.context.junit4.SpringJUnit4ClassRunner.createTest(SpringJUnit4ClassRunner.java:227) [spring-test-5.0.9.RELEASE.jar:5.0.9.RELEASE]
	at org.springframework.test.context.junit4.SpringJUnit4ClassRunner$1.runReflectiveCall(SpringJUnit4ClassRunner.java:289) [spring-test-5.0.9.RELEASE.jar:5.0.9.RELEASE]
	at org.junit.internal.runners.model.ReflectiveCallable.run(ReflectiveCallable.java:12) [junit-4.12.jar:4.12]
	at org.springframework.test.context.junit4.SpringJUnit4ClassRunner.methodBlock(SpringJUnit4ClassRunner.java:291) [spring-test-5.0.9.RELEASE.jar:5.0.9.RELEASE]
	at org.springframework.test.context.junit4.SpringJUnit4ClassRunner.runChild(SpringJUnit4ClassRunner.java:246) [spring-test-5.0.9.RELEASE.jar:5.0.9.RELEASE]
	at org.springframework.test.context.junit4.SpringJUnit4ClassRunner.runChild(SpringJUnit4ClassRunner.java:97) [spring-test-5.0.9.RELEASE.jar:5.0.9.RELEASE]
	at org.junit.runners.ParentRunner$3.run(ParentRunner.java:290) [junit-4.12.jar:4.12]
	at org.junit.runners.ParentRunner$1.schedule(ParentRunner.java:71) [junit-4.12.jar:4.12]
	at org.junit.runners.ParentRunner.runChildren(ParentRunner.java:288) [junit-4.12.jar:4.12]
	at org.junit.runners.ParentRunner.access$000(ParentRunner.java:58) [junit-4.12.jar:4.12]
	at org.junit.runners.ParentRunner$2.evaluate(ParentRunner.java:268) [junit-4.12.jar:4.12]
	at org.springframework.test.context.junit4.statements.RunBeforeTestClassCallbacks.evaluate(RunBeforeTestClassCallbacks.java:61) [spring-test-5.0.9.RELEASE.jar:5.0.9.RELEASE]
	at org.springframework.test.context.junit4.statements.RunAfterTestClassCallbacks.evaluate(RunAfterTestClassCallbacks.java:70) [spring-test-5.0.9.RELEASE.jar:5.0.9.RELEASE]
	at org.junit.runners.ParentRunner.run(ParentRunner.java:363) [junit-4.12.jar:4.12]
	at org.springframework.test.context.junit4.SpringJUnit4ClassRunner.run(SpringJUnit4ClassRunner.java:190) [spring-test-5.0.9.RELEASE.jar:5.0.9.RELEASE]
	at org.apache.maven.surefire.junit4.JUnit4Provider.execute(JUnit4Provider.java:365) [surefire-junit4-2.21.0.jar:2.21.0]
	at org.apache.maven.surefire.junit4.JUnit4Provider.executeWithRerun(JUnit4Provider.java:273) [surefire-junit4-2.21.0.jar:2.21.0]
	at org.apache.maven.surefire.junit4.JUnit4Provider.executeTestSet(JUnit4Provider.java:238) [surefire-junit4-2.21.0.jar:2.21.0]
	at org.apache.maven.surefire.junit4.JUnit4Provider.invoke(JUnit4Provider.java:159) [surefire-junit4-2.21.0.jar:2.21.0]
	at org.apache.maven.surefire.booter.ForkedBooter.invokeProviderInSameClassLoader(ForkedBooter.java:379) [surefire-booter-2.21.0.jar:2.21.0]
	at org.apache.maven.surefire.booter.ForkedBooter.runSuitesInProcess(ForkedBooter.java:340) [surefire-booter-2.21.0.jar:2.21.0]
	at org.apache.maven.surefire.booter.ForkedBooter.execute(ForkedBooter.java:125) [surefire-booter-2.21.0.jar:2.21.0]
	at org.apache.maven.surefire.booter.ForkedBooter.main(ForkedBooter.java:413) [surefire-booter-2.21.0.jar:2.21.0]
Caused by: org.springframework.amqp.AmqpIllegalStateException: Fatal exception on listener startup
	at org.springframework.amqp.rabbit.listener.SimpleMessageListenerContainer.doStart(SimpleMessageListenerContainer.java:500) ~[spring-rabbit-2.0.6.RELEASE.jar:2.0.6.RELEASE]
	at org.springframework.amqp.rabbit.listener.AbstractMessageListenerContainer.start(AbstractMessageListenerContainer.java:1164) ~[spring-rabbit-2.0.6.RELEASE.jar:2.0.6.RELEASE]
	at org.springframework.amqp.rabbit.listener.RabbitListenerEndpointRegistry.startIfNecessary(RabbitListenerEndpointRegistry.java:291) ~[spring-rabbit-2.0.6.RELEASE.jar:2.0.6.RELEASE]
	at org.springframework.amqp.rabbit.listener.RabbitListenerEndpointRegistry.start(RabbitListenerEndpointRegistry.java:246) ~[spring-rabbit-2.0.6.RELEASE.jar:2.0.6.RELEASE]
	at org.springframework.context.support.DefaultLifecycleProcessor.doStart(DefaultLifecycleProcessor.java:182) ~[spring-context-5.0.9.RELEASE.jar:5.0.9.RELEASE]
	... 39 common frames omitted
Caused by: org.springframework.amqp.rabbit.listener.QueuesNotAvailableException: Cannot prepare queue for listener. Either the queue doesn't exist or the broker will not allow us to use it.
	at org.springframework.amqp.rabbit.listener.BlockingQueueConsumer.start(BlockingQueueConsumer.java:618) ~[spring-rabbit-2.0.6.RELEASE.jar:2.0.6.RELEASE]
	at org.springframework.amqp.rabbit.listener.SimpleMessageListenerContainer$AsyncMessageProcessingConsumer.run(SimpleMessageListenerContainer.java:996) ~[spring-rabbit-2.0.6.RELEASE.jar:2.0.6.RELEASE]
	at java.lang.Thread.run(Thread.java:748) ~[na:1.8.0_161]
Caused by: org.springframework.amqp.rabbit.listener.BlockingQueueConsumer$DeclarationException: Failed to declare queue(s):[info]
	at org.springframework.amqp.rabbit.listener.BlockingQueueConsumer.attemptPassiveDeclarations(BlockingQueueConsumer.java:696) ~[spring-rabbit-2.0.6.RELEASE.jar:2.0.6.RELEASE]
	at org.springframework.amqp.rabbit.listener.BlockingQueueConsumer.start(BlockingQueueConsumer.java:586) ~[spring-rabbit-2.0.6.RELEASE.jar:2.0.6.RELEASE]
	... 2 common frames omitted
Caused by: java.io.IOException: null
	at com.rabbitmq.client.impl.AMQChannel.wrap(AMQChannel.java:126) ~[amqp-client-5.4.1.jar:5.4.1]
	at com.rabbitmq.client.impl.AMQChannel.wrap(AMQChannel.java:122) ~[amqp-client-5.4.1.jar:5.4.1]
	at com.rabbitmq.client.impl.AMQChannel.exnWrappingRpc(AMQChannel.java:144) ~[amqp-client-5.4.1.jar:5.4.1]
	at com.rabbitmq.client.impl.ChannelN.queueDeclarePassive(ChannelN.java:1006) ~[amqp-client-5.4.1.jar:5.4.1]
	at com.rabbitmq.client.impl.ChannelN.queueDeclarePassive(ChannelN.java:52) ~[amqp-client-5.4.1.jar:5.4.1]
	at sun.reflect.NativeMethodAccessorImpl.invoke0(Native Method) ~[na:1.8.0_161]
	at sun.reflect.NativeMethodAccessorImpl.invoke(NativeMethodAccessorImpl.java:62) ~[na:1.8.0_161]
	at sun.reflect.DelegatingMethodAccessorImpl.invoke(DelegatingMethodAccessorImpl.java:43) ~[na:1.8.0_161]
	at java.lang.reflect.Method.invoke(Method.java:498) ~[na:1.8.0_161]
	at org.springframework.amqp.rabbit.connection.CachingConnectionFactory$CachedChannelInvocationHandler.invoke(CachingConnectionFactory.java:1032) ~[spring-rabbit-2.0.6.RELEASE.jar:2.0.6.RELEASE]
	at com.sun.proxy.$Proxy78.queueDeclarePassive(Unknown Source) ~[na:na]
	at org.springframework.amqp.rabbit.listener.BlockingQueueConsumer.attemptPassiveDeclarations(BlockingQueueConsumer.java:675) ~[spring-rabbit-2.0.6.RELEASE.jar:2.0.6.RELEASE]
	... 3 common frames omitted
Caused by: com.rabbitmq.client.ShutdownSignalException: channel error; protocol method: #method<channel.close>(reply-code=404, reply-text=NOT_FOUND - no queue 'info' in vhost '/', class-id=50, method-id=10)
	at com.rabbitmq.utility.ValueOrException.getValue(ValueOrException.java:66) ~[amqp-client-5.4.1.jar:5.4.1]
	at com.rabbitmq.utility.BlockingValueOrException.uninterruptibleGetValue(BlockingValueOrException.java:36) ~[amqp-client-5.4.1.jar:5.4.1]
	at com.rabbitmq.client.impl.AMQChannel$BlockingRpcContinuation.getReply(AMQChannel.java:494) ~[amqp-client-5.4.1.jar:5.4.1]
	at com.rabbitmq.client.impl.AMQChannel.privateRpc(AMQChannel.java:288) ~[amqp-client-5.4.1.jar:5.4.1]
	at com.rabbitmq.client.impl.AMQChannel.exnWrappingRpc(AMQChannel.java:138) ~[amqp-client-5.4.1.jar:5.4.1]
	... 12 common frames omitted
Caused by: com.rabbitmq.client.ShutdownSignalException: channel error; protocol method: #method<channel.close>(reply-code=404, reply-text=NOT_FOUND - no queue 'info' in vhost '/', class-id=50, method-id=10)
	at com.rabbitmq.client.impl.ChannelN.asyncShutdown(ChannelN.java:516) ~[amqp-client-5.4.1.jar:5.4.1]
	at com.rabbitmq.client.impl.ChannelN.processAsync(ChannelN.java:346) ~[amqp-client-5.4.1.jar:5.4.1]
	at com.rabbitmq.client.impl.AMQChannel.handleCompleteInboundCommand(AMQChannel.java:178) ~[amqp-client-5.4.1.jar:5.4.1]
	at com.rabbitmq.client.impl.AMQChannel.handleFrame(AMQChannel.java:111) ~[amqp-client-5.4.1.jar:5.4.1]
	at com.rabbitmq.client.impl.AMQConnection.readFrame(AMQConnection.java:670) ~[amqp-client-5.4.1.jar:5.4.1]
	at com.rabbitmq.client.impl.AMQConnection.access$300(AMQConnection.java:48) ~[amqp-client-5.4.1.jar:5.4.1]
	at com.rabbitmq.client.impl.AMQConnection$MainLoop.run(AMQConnection.java:597) ~[amqp-client-5.4.1.jar:5.4.1]
	... 1 common frames omitted

2019-05-07 16:46:06.923 ERROR 436384 --- [           main] o.s.test.context.TestContextManager      : Caught exception while allowing TestExecutionListener [org.springframework.test.context.web.ServletTestExecutionListener@411f53a0] to prepare test instance [MqSendTest@5580d62f]

java.lang.IllegalStateException: Failed to load ApplicationContext
	at org.springframework.test.context.cache.DefaultCacheAwareContextLoaderDelegate.loadContext(DefaultCacheAwareContextLoaderDelegate.java:125) ~[spring-test-5.0.9.RELEASE.jar:5.0.9.RELEASE]
	at org.springframework.test.context.support.DefaultTestContext.getApplicationContext(DefaultTestContext.java:108) ~[spring-test-5.0.9.RELEASE.jar:5.0.9.RELEASE]
	at org.springframework.test.context.web.ServletTestExecutionListener.setUpRequestContextIfNecessary(ServletTestExecutionListener.java:190) ~[spring-test-5.0.9.RELEASE.jar:5.0.9.RELEASE]
	at org.springframework.test.context.web.ServletTestExecutionListener.prepareTestInstance(ServletTestExecutionListener.java:132) ~[spring-test-5.0.9.RELEASE.jar:5.0.9.RELEASE]
	at org.springframework.test.context.TestContextManager.prepareTestInstance(TestContextManager.java:246) ~[spring-test-5.0.9.RELEASE.jar:5.0.9.RELEASE]
	at org.springframework.test.context.junit4.SpringJUnit4ClassRunner.createTest(SpringJUnit4ClassRunner.java:227) [spring-test-5.0.9.RELEASE.jar:5.0.9.RELEASE]
	at org.springframework.test.context.junit4.SpringJUnit4ClassRunner$1.runReflectiveCall(SpringJUnit4ClassRunner.java:289) [spring-test-5.0.9.RELEASE.jar:5.0.9.RELEASE]
	at org.junit.internal.runners.model.ReflectiveCallable.run(ReflectiveCallable.java:12) [junit-4.12.jar:4.12]
	at org.springframework.test.context.junit4.SpringJUnit4ClassRunner.methodBlock(SpringJUnit4ClassRunner.java:291) [spring-test-5.0.9.RELEASE.jar:5.0.9.RELEASE]
	at org.springframework.test.context.junit4.SpringJUnit4ClassRunner.runChild(SpringJUnit4ClassRunner.java:246) [spring-test-5.0.9.RELEASE.jar:5.0.9.RELEASE]
	at org.springframework.test.context.junit4.SpringJUnit4ClassRunner.runChild(SpringJUnit4ClassRunner.java:97) [spring-test-5.0.9.RELEASE.jar:5.0.9.RELEASE]
	at org.junit.runners.ParentRunner$3.run(ParentRunner.java:290) [junit-4.12.jar:4.12]
	at org.junit.runners.ParentRunner$1.schedule(ParentRunner.java:71) [junit-4.12.jar:4.12]
	at org.junit.runners.ParentRunner.runChildren(ParentRunner.java:288) [junit-4.12.jar:4.12]
	at org.junit.runners.ParentRunner.access$000(ParentRunner.java:58) [junit-4.12.jar:4.12]
	at org.junit.runners.ParentRunner$2.evaluate(ParentRunner.java:268) [junit-4.12.jar:4.12]
	at org.springframework.test.context.junit4.statements.RunBeforeTestClassCallbacks.evaluate(RunBeforeTestClassCallbacks.java:61) [spring-test-5.0.9.RELEASE.jar:5.0.9.RELEASE]
	at org.springframework.test.context.junit4.statements.RunAfterTestClassCallbacks.evaluate(RunAfterTestClassCallbacks.java:70) [spring-test-5.0.9.RELEASE.jar:5.0.9.RELEASE]
	at org.junit.runners.ParentRunner.run(ParentRunner.java:363) [junit-4.12.jar:4.12]
	at org.springframework.test.context.junit4.SpringJUnit4ClassRunner.run(SpringJUnit4ClassRunner.java:190) [spring-test-5.0.9.RELEASE.jar:5.0.9.RELEASE]
	at org.apache.maven.surefire.junit4.JUnit4Provider.execute(JUnit4Provider.java:365) [surefire-junit4-2.21.0.jar:2.21.0]
	at org.apache.maven.surefire.junit4.JUnit4Provider.executeWithRerun(JUnit4Provider.java:273) [surefire-junit4-2.21.0.jar:2.21.0]
	at org.apache.maven.surefire.junit4.JUnit4Provider.executeTestSet(JUnit4Provider.java:238) [surefire-junit4-2.21.0.jar:2.21.0]
	at org.apache.maven.surefire.junit4.JUnit4Provider.invoke(JUnit4Provider.java:159) [surefire-junit4-2.21.0.jar:2.21.0]
	at org.apache.maven.surefire.booter.ForkedBooter.invokeProviderInSameClassLoader(ForkedBooter.java:379) [surefire-booter-2.21.0.jar:2.21.0]
	at org.apache.maven.surefire.booter.ForkedBooter.runSuitesInProcess(ForkedBooter.java:340) [surefire-booter-2.21.0.jar:2.21.0]
	at org.apache.maven.surefire.booter.ForkedBooter.execute(ForkedBooter.java:125) [surefire-booter-2.21.0.jar:2.21.0]
	at org.apache.maven.surefire.booter.ForkedBooter.main(ForkedBooter.java:413) [surefire-booter-2.21.0.jar:2.21.0]
Caused by: org.springframework.context.ApplicationContextException: Failed to start bean 'org.springframework.amqp.rabbit.config.internalRabbitListenerEndpointRegistry'; nested exception is org.springframework.amqp.AmqpIllegalStateException: Fatal exception on listener startup
	at org.springframework.context.support.DefaultLifecycleProcessor.doStart(DefaultLifecycleProcessor.java:185) ~[spring-context-5.0.9.RELEASE.jar:5.0.9.RELEASE]
	at org.springframework.context.support.DefaultLifecycleProcessor.access$200(DefaultLifecycleProcessor.java:53) ~[spring-context-5.0.9.RELEASE.jar:5.0.9.RELEASE]
	at org.springframework.context.support.DefaultLifecycleProcessor$LifecycleGroup.start(DefaultLifecycleProcessor.java:360) ~[spring-context-5.0.9.RELEASE.jar:5.0.9.RELEASE]
	at org.springframework.context.support.DefaultLifecycleProcessor.startBeans(DefaultLifecycleProcessor.java:158) ~[spring-context-5.0.9.RELEASE.jar:5.0.9.RELEASE]
	at org.springframework.context.support.DefaultLifecycleProcessor.onRefresh(DefaultLifecycleProcessor.java:122) ~[spring-context-5.0.9.RELEASE.jar:5.0.9.RELEASE]
	at org.springframework.context.support.AbstractApplicationContext.finishRefresh(AbstractApplicationContext.java:885) ~[spring-context-5.0.9.RELEASE.jar:5.0.9.RELEASE]
	at org.springframework.context.support.AbstractApplicationContext.refresh(AbstractApplicationContext.java:553) ~[spring-context-5.0.9.RELEASE.jar:5.0.9.RELEASE]
	at org.springframework.boot.SpringApplication.refresh(SpringApplication.java:780) ~[spring-boot-2.0.5.RELEASE.jar:2.0.5.RELEASE]
	at org.springframework.boot.SpringApplication.refreshContext(SpringApplication.java:412) ~[spring-boot-2.0.5.RELEASE.jar:2.0.5.RELEASE]
	at org.springframework.boot.SpringApplication.run(SpringApplication.java:333) ~[spring-boot-2.0.5.RELEASE.jar:2.0.5.RELEASE]
	at org.springframework.boot.test.context.SpringBootContextLoader.loadContext(SpringBootContextLoader.java:139) ~[spring-boot-test-2.0.5.RELEASE.jar:2.0.5.RELEASE]
	at org.springframework.test.context.cache.DefaultCacheAwareContextLoaderDelegate.loadContextInternal(DefaultCacheAwareContextLoaderDelegate.java:99) ~[spring-test-5.0.9.RELEASE.jar:5.0.9.RELEASE]
	at org.springframework.test.context.cache.DefaultCacheAwareContextLoaderDelegate.loadContext(DefaultCacheAwareContextLoaderDelegate.java:117) ~[spring-test-5.0.9.RELEASE.jar:5.0.9.RELEASE]
	... 27 common frames omitted
Caused by: org.springframework.amqp.AmqpIllegalStateException: Fatal exception on listener startup
	at org.springframework.amqp.rabbit.listener.SimpleMessageListenerContainer.doStart(SimpleMessageListenerContainer.java:500) ~[spring-rabbit-2.0.6.RELEASE.jar:2.0.6.RELEASE]
	at org.springframework.amqp.rabbit.listener.AbstractMessageListenerContainer.start(AbstractMessageListenerContainer.java:1164) ~[spring-rabbit-2.0.6.RELEASE.jar:2.0.6.RELEASE]
	at org.springframework.amqp.rabbit.listener.RabbitListenerEndpointRegistry.startIfNecessary(RabbitListenerEndpointRegistry.java:291) ~[spring-rabbit-2.0.6.RELEASE.jar:2.0.6.RELEASE]
	at org.springframework.amqp.rabbit.listener.RabbitListenerEndpointRegistry.start(RabbitListenerEndpointRegistry.java:246) ~[spring-rabbit-2.0.6.RELEASE.jar:2.0.6.RELEASE]
	at org.springframework.context.support.DefaultLifecycleProcessor.doStart(DefaultLifecycleProcessor.java:182) ~[spring-context-5.0.9.RELEASE.jar:5.0.9.RELEASE]
	... 39 common frames omitted
Caused by: org.springframework.amqp.rabbit.listener.QueuesNotAvailableException: Cannot prepare queue for listener. Either the queue doesn't exist or the broker will not allow us to use it.
	at org.springframework.amqp.rabbit.listener.BlockingQueueConsumer.start(BlockingQueueConsumer.java:618) ~[spring-rabbit-2.0.6.RELEASE.jar:2.0.6.RELEASE]
	at org.springframework.amqp.rabbit.listener.SimpleMessageListenerContainer$AsyncMessageProcessingConsumer.run(SimpleMessageListenerContainer.java:996) ~[spring-rabbit-2.0.6.RELEASE.jar:2.0.6.RELEASE]
	at java.lang.Thread.run(Thread.java:748) ~[na:1.8.0_161]
Caused by: org.springframework.amqp.rabbit.listener.BlockingQueueConsumer$DeclarationException: Failed to declare queue(s):[info]
	at org.springframework.amqp.rabbit.listener.BlockingQueueConsumer.attemptPassiveDeclarations(BlockingQueueConsumer.java:696) ~[spring-rabbit-2.0.6.RELEASE.jar:2.0.6.RELEASE]
	at org.springframework.amqp.rabbit.listener.BlockingQueueConsumer.start(BlockingQueueConsumer.java:586) ~[spring-rabbit-2.0.6.RELEASE.jar:2.0.6.RELEASE]
	... 2 common frames omitted
Caused by: java.io.IOException: null
	at com.rabbitmq.client.impl.AMQChannel.wrap(AMQChannel.java:126) ~[amqp-client-5.4.1.jar:5.4.1]
	at com.rabbitmq.client.impl.AMQChannel.wrap(AMQChannel.java:122) ~[amqp-client-5.4.1.jar:5.4.1]
	at com.rabbitmq.client.impl.AMQChannel.exnWrappingRpc(AMQChannel.java:144) ~[amqp-client-5.4.1.jar:5.4.1]
	at com.rabbitmq.client.impl.ChannelN.queueDeclarePassive(ChannelN.java:1006) ~[amqp-client-5.4.1.jar:5.4.1]
	at com.rabbitmq.client.impl.ChannelN.queueDeclarePassive(ChannelN.java:52) ~[amqp-client-5.4.1.jar:5.4.1]
	at sun.reflect.NativeMethodAccessorImpl.invoke0(Native Method) ~[na:1.8.0_161]
	at sun.reflect.NativeMethodAccessorImpl.invoke(NativeMethodAccessorImpl.java:62) ~[na:1.8.0_161]
	at sun.reflect.DelegatingMethodAccessorImpl.invoke(DelegatingMethodAccessorImpl.java:43) ~[na:1.8.0_161]
	at java.lang.reflect.Method.invoke(Method.java:498) ~[na:1.8.0_161]
	at org.springframework.amqp.rabbit.connection.CachingConnectionFactory$CachedChannelInvocationHandler.invoke(CachingConnectionFactory.java:1032) ~[spring-rabbit-2.0.6.RELEASE.jar:2.0.6.RELEASE]
	at com.sun.proxy.$Proxy78.queueDeclarePassive(Unknown Source) ~[na:na]
	at org.springframework.amqp.rabbit.listener.BlockingQueueConsumer.attemptPassiveDeclarations(BlockingQueueConsumer.java:675) ~[spring-rabbit-2.0.6.RELEASE.jar:2.0.6.RELEASE]
	... 3 common frames omitted
Caused by: com.rabbitmq.client.ShutdownSignalException: channel error; protocol method: #method<channel.close>(reply-code=404, reply-text=NOT_FOUND - no queue 'info' in vhost '/', class-id=50, method-id=10)
	at com.rabbitmq.utility.ValueOrException.getValue(ValueOrException.java:66) ~[amqp-client-5.4.1.jar:5.4.1]
	at com.rabbitmq.utility.BlockingValueOrException.uninterruptibleGetValue(BlockingValueOrException.java:36) ~[amqp-client-5.4.1.jar:5.4.1]
	at com.rabbitmq.client.impl.AMQChannel$BlockingRpcContinuation.getReply(AMQChannel.java:494) ~[amqp-client-5.4.1.jar:5.4.1]
	at com.rabbitmq.client.impl.AMQChannel.privateRpc(AMQChannel.java:288) ~[amqp-client-5.4.1.jar:5.4.1]
	at com.rabbitmq.client.impl.AMQChannel.exnWrappingRpc(AMQChannel.java:138) ~[amqp-client-5.4.1.jar:5.4.1]
	... 12 common frames omitted
Caused by: com.rabbitmq.client.ShutdownSignalException: channel error; protocol method: #method<channel.close>(reply-code=404, reply-text=NOT_FOUND - no queue 'info' in vhost '/', class-id=50, method-id=10)
	at com.rabbitmq.client.impl.ChannelN.asyncShutdown(ChannelN.java:516) ~[amqp-client-5.4.1.jar:5.4.1]
	at com.rabbitmq.client.impl.ChannelN.processAsync(ChannelN.java:346) ~[amqp-client-5.4.1.jar:5.4.1]
	at com.rabbitmq.client.impl.AMQChannel.handleCompleteInboundCommand(AMQChannel.java:178) ~[amqp-client-5.4.1.jar:5.4.1]
	at com.rabbitmq.client.impl.AMQChannel.handleFrame(AMQChannel.java:111) ~[amqp-client-5.4.1.jar:5.4.1]
	at com.rabbitmq.client.impl.AMQConnection.readFrame(AMQConnection.java:670) ~[amqp-client-5.4.1.jar:5.4.1]
	at com.rabbitmq.client.impl.AMQConnection.access$300(AMQConnection.java:48) ~[amqp-client-5.4.1.jar:5.4.1]
	at com.rabbitmq.client.impl.AMQConnection$MainLoop.run(AMQConnection.java:597) ~[amqp-client-5.4.1.jar:5.4.1]
	... 1 common frames omitted

]]></system-out>
  </testcase>
  <testcase name="testSend" classname="MqSendTest" time="0">
    <error message="Failed to load ApplicationContext" type="java.lang.IllegalStateException"><![CDATA[java.lang.IllegalStateException: Failed to load ApplicationContext
Caused by: org.springframework.context.ApplicationContextException: Failed to start bean 'org.springframework.amqp.rabbit.config.internalRabbitListenerEndpointRegistry'; nested exception is org.springframework.amqp.AmqpIllegalStateException: Fatal exception on listener startup
Caused by: org.springframework.amqp.AmqpIllegalStateException: Fatal exception on listener startup
Caused by: org.springframework.amqp.rabbit.listener.QueuesNotAvailableException: Cannot prepare queue for listener. Either the queue doesn't exist or the broker will not allow us to use it.
Caused by: org.springframework.amqp.rabbit.listener.BlockingQueueConsumer$DeclarationException: Failed to declare queue(s):[info]
Caused by: java.io.IOException
Caused by: com.rabbitmq.client.ShutdownSignalException: channel error; protocol method: #method<channel.close>(reply-code=404, reply-text=NOT_FOUND - no queue 'info' in vhost '/', class-id=50, method-id=10)
Caused by: com.rabbitmq.client.ShutdownSignalException: channel error; protocol method: #method<channel.close>(reply-code=404, reply-text=NOT_FOUND - no queue 'info' in vhost '/', class-id=50, method-id=10)
]]></error>
    <system-out><![CDATA[
  .   ____          _            __ _ _
 /\\ / ___'_ __ _ _(_)_ __  __ _ \ \ \ \
( ( )\___ | '_ | '_| | '_ \/ _` | \ \ \ \
 \\/  ___)| |_)| | | | | || (_| |  ) ) ) )
  '  |____| .__|_| |_|_| |_\__, | / / / /
 =========|_|==============|___/=/_/_/_/
 :: Spring Boot ::        (v2.0.5.RELEASE)

[...]
	at org.springframework.test.context.junit4.SpringJUnit4ClassRunner$1.runReflectiveCall(SpringJUnit4ClassRunner.java:289) [spring-test-5.0.9.RELEASE.jar:5.0.9.RELEASE]
	at org.junit.internal.runners.model.ReflectiveCallable.run(ReflectiveCallable.java:12) [junit-4.12.jar:4.12]
	at org.springframework.test.context.junit4.SpringJUnit4ClassRunner.methodBlock(SpringJUnit4ClassRunner.java:291) [spring-test-5.0.9.RELEASE.jar:5.0.9.RELEASE]
	at org.springframework.test.context.junit4.SpringJUnit4ClassRunner.runChild(SpringJUnit4ClassRunner.java:246) [spring-test-5.0.9.RELEASE.jar:5.0.9.RELEASE]
	at org.springframework.test.context.junit4.SpringJUnit4ClassRunner.runChild(SpringJUnit4ClassRunner.java:97) [spring-test-5.0.9.RELEASE.jar:5.0.9.RELEASE]
	at org.junit.runners.ParentRunner$3.run(ParentRunner.java:290) [junit-4.12.jar:4.12]
	at org.junit.runners.ParentRunner$1.schedule(ParentRunner.java:71) [junit-4.12.jar:4.12]
	at org.junit.runners.ParentRunner.runChildren(ParentRunner.java:288) [junit-4.12.jar:4.12]
	at org.junit.runners.ParentRunner.access$000(ParentRunner.java:58) [junit-4.12.jar:4.12]
	at org.junit.runners.ParentRunner$2.evaluate(ParentRunner.java:268) [junit-4.12.jar:4.12]
	at org.springframework.test.context.junit4.statements.RunBeforeTestClassCallbacks.evaluate(RunBeforeTestClassCallbacks.java:61) [spring-test-5.0.9.RELEASE.jar:5.0.9.RELEASE]
	at org.springframework.test.context.junit4.statements.RunAfterTestClassCallbacks.evaluate(RunAfterTestClassCallbacks.java:70) [spring-test-5.0.9.RELEASE.jar:5.0.9.RELEASE]
	at org.junit.runners.ParentRunner.run(ParentRunner.java:363) [junit-4.12.jar:4.12]
	at org.springframework.test.context.junit4.SpringJUnit4ClassRunner.run(SpringJUnit4ClassRunner.java:190) [spring-test-5.0.9.RELEASE.jar:5.0.9.RELEASE]
	at org.apache.maven.surefire.junit4.JUnit4Provider.execute(JUnit4Provider.java:365) [surefire-junit4-2.21.0.jar:2.21.0]
	at org.apache.maven.surefire.junit4.JUnit4Provider.executeWithRerun(JUnit4Provider.java:273) [surefire-junit4-2.21.0.jar:2.21.0]
	at org.apache.maven.surefire.junit4.JUnit4Provider.executeTestSet(JUnit4Provider.java:238) [surefire-junit4-2.21.0.jar:2.21.0]
	at org.apache.maven.surefire.junit4.JUnit4Provider.invoke(JUnit4Provider.java:159) [surefire-junit4-2.21.0.jar:2.21.0]
	at org.apache.maven.surefire.booter.ForkedBooter.invokeProviderInSameClassLoader(ForkedBooter.java:379) [surefire-booter-2.21.0.jar:2.21.0]
	at org.apache.maven.surefire.booter.ForkedBooter.runSuitesInProcess(ForkedBooter.java:340) [surefire-booter-2.21.0.jar:2.21.0]
	at org.apache.maven.surefire.booter.ForkedBooter.execute(ForkedBooter.java:125) [surefire-booter-2.21.0.jar:2.21.0]
	at org.apache.maven.surefire.booter.ForkedBooter.main(ForkedBooter.java:413) [surefire-booter-2.21.0.jar:2.21.0]
Caused by: org.springframework.amqp.AmqpIllegalStateException: Fatal exception on listener startup
	at org.springframework.amqp.rabbit.listener.SimpleMessageListenerContainer.doStart(SimpleMessageListenerContainer.java:500) ~[spring-rabbit-2.0.6.RELEASE.jar:2.0.6.RELEASE]
	at org.springframework.amqp.rabbit.listener.AbstractMessageListenerContainer.start(AbstractMessageListenerContainer.java:1164) ~[spring-rabbit-2.0.6.RELEASE.jar:2.0.6.RELEASE]
	at org.springframework.amqp.rabbit.listener.RabbitListenerEndpointRegistry.startIfNecessary(RabbitListenerEndpointRegistry.java:291) ~[spring-rabbit-2.0.6.RELEASE.jar:2.0.6.RELEASE]
	at org.springframework.amqp.rabbit.listener.RabbitListenerEndpointRegistry.start(RabbitListenerEndpointRegistry.java:246) ~[spring-rabbit-2.0.6.RELEASE.jar:2.0.6.RELEASE]
	at org.springframework.context.support.DefaultLifecycleProcessor.doStart(DefaultLifecycleProcessor.java:182) ~[spring-context-5.0.9.RELEASE.jar:5.0.9.RELEASE]
	... 39 common frames omitted
Caused by: org.springframework.amqp.rabbit.listener.QueuesNotAvailableException: Cannot prepare queue for listener. Either the queue doesn't exist or the broker will not allow us to use it.
	at org.springframework.amqp.rabbit.listener.BlockingQueueConsumer.start(BlockingQueueConsumer.java:618) ~[spring-rabbit-2.0.6.RELEASE.jar:2.0.6.RELEASE]
	at org.springframework.amqp.rabbit.listener.SimpleMessageListenerContainer$AsyncMessageProcessingConsumer.run(SimpleMessageListenerContainer.java:996) ~[spring-rabbit-2.0.6.RELEASE.jar:2.0.6.RELEASE]
	at java.lang.Thread.run(Thread.java:748) ~[na:1.8.0_161]
Caused by: org.springframework.amqp.rabbit.listener.BlockingQueueConsumer$DeclarationException: Failed to declare queue(s):[info]
	at org.springframework.amqp.rabbit.listener.BlockingQueueConsumer.attemptPassiveDeclarations(BlockingQueueConsumer.java:696) ~[spring-rabbit-2.0.6.RELEASE.jar:2.0.6.RELEASE]
	at org.springframework.amqp.rabbit.listener.BlockingQueueConsumer.start(BlockingQueueConsumer.java:586) ~[spring-rabbit-2.0.6.RELEASE.jar:2.0.6.RELEASE]
	... 2 common frames omitted
Caused by: java.io.IOException: null
	at com.rabbitmq.client.impl.AMQChannel.wrap(AMQChannel.java:126) ~[amqp-client-5.4.1.jar:5.4.1]
	at com.rabbitmq.client.impl.AMQChannel.wrap(AMQChannel.java:122) ~[amqp-client-5.4.1.jar:5.4.1]
	at com.rabbitmq.client.impl.AMQChannel.exnWrappingRpc(AMQChannel.java:144) ~[amqp-client-5.4.1.jar:5.4.1]
	at com.rabbitmq.client.impl.ChannelN.queueDeclarePassive(ChannelN.java:1006) ~[amqp-client-5.4.1.jar:5.4.1]
	at com.rabbitmq.client.impl.ChannelN.queueDeclarePassive(ChannelN.java:52) ~[amqp-client-5.4.1.jar:5.4.1]
	at sun.reflect.NativeMethodAccessorImpl.invoke0(Native Method) ~[na:1.8.0_161]
	at sun.reflect.NativeMethodAccessorImpl.invoke(NativeMethodAccessorImpl.java:62) ~[na:1.8.0_161]
	at sun.reflect.DelegatingMethodAccessorImpl.invoke(DelegatingMethodAccessorImpl.java:43) ~[na:1.8.0_161]
	at java.lang.reflect.Method.invoke(Method.java:498) ~[na:1.8.0_161]
	at org.springframework.amqp.rabbit.connection.CachingConnectionFactory$CachedChannelInvocationHandler.invoke(CachingConnectionFactory.java:1032) ~[spring-rabbit-2.0.6.RELEASE.jar:2.0.6.RELEASE]
	at com.sun.proxy.$Proxy78.queueDeclarePassive(Unknown Source) ~[na:na]
	at org.springframework.amqp.rabbit.listener.BlockingQueueConsumer.attemptPassiveDeclarations(BlockingQueueConsumer.java:675) ~[spring-rabbit-2.0.6.RELEASE.jar:2.0.6.RELEASE]
	... 3 common frames omitted
Caused by: com.rabbitmq.client.ShutdownSignalException: channel error; protocol method: #method<channel.close>(reply-code=404, reply-text=NOT_FOUND - no queue 'info' in vhost '/', class-id=50, method-id=10)
	at com.rabbitmq.utility.ValueOrException.getValue(ValueOrException.java:66) ~[amqp-client-5.4.1.jar:5.4.1]
	at com.rabbitmq.utility.BlockingValueOrException.uninterruptibleGetValue(BlockingValueOrException.java:36) ~[amqp-client-5.4.1.jar:5.4.1]
	at com.rabbitmq.client.impl.AMQChannel$BlockingRpcContinuation.getReply(AMQChannel.java:494) ~[amqp-client-5.4.1.jar:5.4.1]
	at com.rabbitmq.client.impl.AMQChannel.privateRpc(AMQChannel.java:288) ~[amqp-client-5.4.1.jar:5.4.1]
	at com.rabbitmq.client.impl.AMQChannel.exnWrappingRpc(AMQChannel.java:138) ~[amqp-client-5.4.1.jar:5.4.1]
	... 12 common frames omitted
Caused by: com.rabbitmq.client.ShutdownSignalException: channel error; protocol method: #method<channel.close>(reply-code=404, reply-text=NOT_FOUND - no queue 'info' in vhost '/', class-id=50, method-id=10)
	at com.rabbitmq.client.impl.ChannelN.asyncShutdown(ChannelN.java:516) ~[amqp-client-5.4.1.jar:5.4.1]
	at com.rabbitmq.client.impl.ChannelN.processAsync(ChannelN.java:346) ~[amqp-client-5.4.1.jar:5.4.1]
	at com.rabbitmq.client.impl.AMQChannel.handleCompleteInboundCommand(AMQChannel.java:178) ~[amqp-client-5.4.1.jar:5.4.1]
	at com.rabbitmq.client.impl.AMQChannel.handleFrame(AMQChannel.java:111) ~[amqp-client-5.4.1.jar:5.4.1]
	at com.rabbitmq.client.impl.AMQConnection.readFrame(AMQConnection.java:670) ~[amqp-client-5.4.1.jar:5.4.1]
	at com.rabbitmq.client.impl.AMQConnection.access$300(AMQConnection.java:48) ~[amqp-client-5.4.1.jar:5.4.1]
	at com.rabbitmq.client.impl.AMQConnection$MainLoop.run(AMQConnection.java:597) ~[amqp-client-5.4.1.jar:5.4.1]
	... 1 common frames omitted

2019-05-07 16:46:23.126 ERROR 436384 --- [           main] o.s.test.context.TestContextManager      : Caught exception while allowing TestExecutionListener [org.springframework.test.context.web.ServletTestExecutionListener@411f53a0] to prepare test instance [MqSendTest@67e13bd0]

java.lang.IllegalStateException: Failed to load ApplicationContext
	at org.springframework.test.context.cache.DefaultCacheAwareContextLoaderDelegate.loadContext(DefaultCacheAwareContextLoaderDelegate.java:125) ~[spring-test-5.0.9.RELEASE.jar:5.0.9.RELEASE]
	at org.springframework.test.context.support.DefaultTestContext.getApplicationContext(DefaultTestContext.java:108) ~[spring-test-5.0.9.RELEASE.jar:5.0.9.RELEASE]
	at org.springframework.test.context.web.ServletTestExecutionListener.setUpRequestContextIfNecessary(ServletTestExecutionListener.java:190) ~[spring-test-5.0.9.RELEASE.jar:5.0.9.RELEASE]
	at org.springframework.test.context.web.ServletTestExecutionListener.prepareTestInstance(ServletTestExecutionListener.java:132) ~[spring-test-5.0.9.RELEASE.jar:5.0.9.RELEASE]
	at org.springframework.test.context.TestContextManager.prepareTestInstance(TestContextManager.java:246) ~[spring-test-5.0.9.RELEASE.jar:5.0.9.RELEASE]
	at org.springframework.test.context.junit4.SpringJUnit4ClassRunner.createTest(SpringJUnit4ClassRunner.java:227) [spring-test-5.0.9.RELEASE.jar:5.0.9.RELEASE]
	at org.springframework.test.context.junit4.SpringJUnit4ClassRunner$1.runReflectiveCall(SpringJUnit4ClassRunner.java:289) [spring-test-5.0.9.RELEASE.jar:5.0.9.RELEASE]
	at org.junit.internal.runners.model.ReflectiveCallable.run(ReflectiveCallable.java:12) [junit-4.12.jar:4.12]
	at org.springframework.test.context.junit4.SpringJUnit4ClassRunner.methodBlock(SpringJUnit4ClassRunner.java:291) [spring-test-5.0.9.RELEASE.jar:5.0.9.RELEASE]
	at org.springframework.test.context.junit4.SpringJUnit4ClassRunner.runChild(SpringJUnit4ClassRunner.java:246) [spring-test-5.0.9.RELEASE.jar:5.0.9.RELEASE]
	at org.springframework.test.context.junit4.SpringJUnit4ClassRunner.runChild(SpringJUnit4ClassRunner.java:97) [spring-test-5.0.9.RELEASE.jar:5.0.9.RELEASE]
	at org.junit.runners.ParentRunner$3.run(ParentRunner.java:290) [junit-4.12.jar:4.12]
	at org.junit.runners.ParentRunner$1.schedule(ParentRunner.java:71) [junit-4.12.jar:4.12]
	at org.junit.runners.ParentRunner.runChildren(ParentRunner.java:288) [junit-4.12.jar:4.12]
	at org.junit.runners.ParentRunner.access$000(ParentRunner.java:58) [junit-4.12.jar:4.12]
	at org.junit.runners.ParentRunner$2.evaluate(ParentRunner.java:268) [junit-4.12.jar:4.12]
	at org.springframework.test.context.junit4.statements.RunBeforeTestClassCallbacks.evaluate(RunBeforeTestClassCallbacks.java:61) [spring-test-5.0.9.RELEASE.jar:5.0.9.RELEASE]
	at org.springframework.test.context.junit4.statements.RunAfterTestClassCallbacks.evaluate(RunAfterTestClassCallbacks.java:70) [spring-test-5.0.9.RELEASE.jar:5.0.9.RELEASE]
	at org.junit.runners.ParentRunner.run(ParentRunner.java:363) [junit-4.12.jar:4.12]
	at org.springframework.test.context.junit4.SpringJUnit4ClassRunner.run(SpringJUnit4ClassRunner.java:190) [spring-test-5.0.9.RELEASE.jar:5.0.9.RELEASE]
	at org.apache.maven.surefire.junit4.JUnit4Provider.execute(JUnit4Provider.java:365) [surefire-junit4-2.21.0.jar:2.21.0]
	at org.apache.maven.surefire.junit4.JUnit4Provider.executeWithRerun(JUnit4Provider.java:273) [surefire-junit4-2.21.0.jar:2.21.0]
	at org.apache.maven.surefire.junit4.JUnit4Provider.executeTestSet(JUnit4Provider.java:238) [surefire-junit4-2.21.0.jar:2.21.0]
	at org.apache.maven.surefire.junit4.JUnit4Provider.invoke(JUnit4Provider.java:159) [surefire-junit4-2.21.0.jar:2.21.0]
	at org.apache.maven.surefire.booter.ForkedBooter.invokeProviderInSameClassLoader(ForkedBooter.java:379) [surefire-booter-2.21.0.jar:2.21.0]
	at org.apache.maven.surefire.booter.ForkedBooter.runSuitesInProcess(ForkedBooter.java:340) [surefire-booter-2.21.0.jar:2.21.0]
	at org.apache.maven.surefire.booter.ForkedBooter.execute(ForkedBooter.java:125) [surefire-booter-2.21.0.jar:2.21.0]
	at org.apache.maven.surefire.booter.ForkedBooter.main(ForkedBooter.java:413) [surefire-booter-2.21.0.jar:2.21.0]
Caused by: org.springframework.context.ApplicationContextException: Failed to start bean 'org.springframework.amqp.rabbit.config.internalRabbitListenerEndpointRegistry'; nested exception is org.springframework.amqp.AmqpIllegalStateException: Fatal exception on listener startup
	at org.springframework.context.support.DefaultLifecycleProcessor.doStart(DefaultLifecycleProcessor.java:185) ~[spring-context-5.0.9.RELEASE.jar:5.0.9.RELEASE]
	at org.springframework.context.support.DefaultLifecycleProcessor.access$200(DefaultLifecycleProcessor.java:53) ~[spring-context-5.0.9.RELEASE.jar:5.0.9.RELEASE]
	at org.springframework.context.support.DefaultLifecycleProcessor$LifecycleGroup.start(DefaultLifecycleProcessor.java:360) ~[spring-context-5.0.9.RELEASE.jar:5.0.9.RELEASE]
	at org.springframework.context.support.DefaultLifecycleProcessor.startBeans(DefaultLifecycleProcessor.java:158) ~[spring-context-5.0.9.RELEASE.jar:5.0.9.RELEASE]
	at org.springframework.context.support.DefaultLifecycleProcessor.onRefresh(DefaultLifecycleProcessor.java:122) ~[spring-context-5.0.9.RELEASE.jar:5.0.9.RELEASE]
	at org.springframework.context.support.AbstractApplicationContext.finishRefresh(AbstractApplicationContext.java:885) ~[spring-context-5.0.9.RELEASE.jar:5.0.9.RELEASE]
	at org.springframework.context.support.AbstractApplicationContext.refresh(AbstractApplicationContext.java:553) ~[spring-context-5.0.9.RELEASE.jar:5.0.9.RELEASE]
	at org.springframework.boot.SpringApplication.refresh(SpringApplication.java:780) ~[spring-boot-2.0.5.RELEASE.jar:2.0.5.RELEASE]
	at org.springframework.boot.SpringApplication.refreshContext(SpringApplication.java:412) ~[spring-boot-2.0.5.RELEASE.jar:2.0.5.RELEASE]
	at org.springframework.boot.SpringApplication.run(SpringApplication.java:333) ~[spring-boot-2.0.5.RELEASE.jar:2.0.5.RELEASE]
	at org.springframework.boot.test.context.SpringBootContextLoader.loadContext(SpringBootContextLoader.java:139) ~[spring-boot-test-2.0.5.RELEASE.jar:2.0.5.RELEASE]
	at org.springframework.test.context.cache.DefaultCacheAwareContextLoaderDelegate.loadContextInternal(DefaultCacheAwareContextLoaderDelegate.java:99) ~[spring-test-5.0.9.RELEASE.jar:5.0.9.RELEASE]
	at org.springframework.test.context.cache.DefaultCacheAwareContextLoaderDelegate.loadContext(DefaultCacheAwareContextLoaderDelegate.java:117) ~[spring-test-5.0.9.RELEASE.jar:5.0.9.RELEASE]
	... 27 common frames omitted
Caused by: org.springframework.amqp.AmqpIllegalStateException: Fatal exception on listener startup
	at org.springframework.amqp.rabbit.listener.SimpleMessageListenerContainer.doStart(SimpleMessageListenerContainer.java:500) ~[spring-rabbit-2.0.6.RELEASE.jar:2.0.6.RELEASE]
	at org.springframework.amqp.rabbit.listener.AbstractMessageListenerContainer.start(AbstractMessageListenerContainer.java:1164) ~[spring-rabbit-2.0.6.RELEASE.jar:2.0.6.RELEASE]
	at org.springframework.amqp.rabbit.listener.RabbitListenerEndpointRegistry.startIfNecessary(RabbitListenerEndpointRegistry.java:291) ~[spring-rabbit-2.0.6.RELEASE.jar:2.0.6.RELEASE]
	at org.springframework.amqp.rabbit.listener.RabbitListenerEndpointRegistry.start(RabbitListenerEndpointRegistry.java:246) ~[spring-rabbit-2.0.6.RELEASE.jar:2.0.6.RELEASE]
	at org.springframework.context.support.DefaultLifecycleProcessor.doStart(DefaultLifecycleProcessor.java:182) ~[spring-context-5.0.9.RELEASE.jar:5.0.9.RELEASE]
	... 39 common frames omitted
Caused by: org.springframework.amqp.rabbit.listener.QueuesNotAvailableException: Cannot prepare queue for listener. Either the queue doesn't exist or the broker will not allow us to use it.
	at org.springframework.amqp.rabbit.listener.BlockingQueueConsumer.start(BlockingQueueConsumer.java:618) ~[spring-rabbit-2.0.6.RELEASE.jar:2.0.6.RELEASE]
	at org.springframework.amqp.rabbit.listener.SimpleMessageListenerContainer$AsyncMessageProcessingConsumer.run(SimpleMessageListenerContainer.java:996) ~[spring-rabbit-2.0.6.RELEASE.jar:2.0.6.RELEASE]
	at java.lang.Thread.run(Thread.java:748) ~[na:1.8.0_161]
Caused by: org.springframework.amqp.rabbit.listener.BlockingQueueConsumer$DeclarationException: Failed to declare queue(s):[info]
	at org.springframework.amqp.rabbit.listener.BlockingQueueConsumer.attemptPassiveDeclarations(BlockingQueueConsumer.java:696) ~[spring-rabbit-2.0.6.RELEASE.jar:2.0.6.RELEASE]
	at org.springframework.amqp.rabbit.listener.BlockingQueueConsumer.start(BlockingQueueConsumer.java:586) ~[spring-rabbit-2.0.6.RELEASE.jar:2.0.6.RELEASE]
	... 2 common frames omitted
Caused by: java.io.IOException: null
	at com.rabbitmq.client.impl.AMQChannel.wrap(AMQChannel.java:126) ~[amqp-client-5.4.1.jar:5.4.1]
	at com.rabbitmq.client.impl.AMQChannel.wrap(AMQChannel.java:122) ~[amqp-client-5.4.1.jar:5.4.1]
	at com.rabbitmq.client.impl.AMQChannel.exnWrappingRpc(AMQChannel.java:144) ~[amqp-client-5.4.1.jar:5.4.1]
	at com.rabbitmq.client.impl.ChannelN.queueDeclarePassive(ChannelN.java:1006) ~[amqp-client-5.4.1.jar:5.4.1]
	at com.rabbitmq.client.impl.ChannelN.queueDeclarePassive(ChannelN.java:52) ~[amqp-client-5.4.1.jar:5.4.1]
	at sun.reflect.NativeMethodAccessorImpl.invoke0(Native Method) ~[na:1.8.0_161]
	at sun.reflect.NativeMethodAccessorImpl.invoke(NativeMethodAccessorImpl.java:62) ~[na:1.8.0_161]
	at sun.reflect.DelegatingMethodAccessorImpl.invoke(DelegatingMethodAccessorImpl.java:43) ~[na:1.8.0_161]
	at java.lang.reflect.Method.invoke(Method.java:498) ~[na:1.8.0_161]
	at org.springframework.amqp.rabbit.connection.CachingConnectionFactory$CachedChannelInvocationHandler.invoke(CachingConnectionFactory.java:1032) ~[spring-rabbit-2.0.6.RELEASE.jar:2.0.6.RELEASE]
	at com.sun.proxy.$Proxy78.queueDeclarePassive(Unknown Source) ~[na:na]
	at org.springframework.amqp.rabbit.listener.BlockingQueueConsumer.attemptPassiveDeclarations(BlockingQueueConsumer.java:675) ~[spring-rabbit-2.0.6.RELEASE.jar:2.0.6.RELEASE]
	... 3 common frames omitted
Caused by: com.rabbitmq.client.ShutdownSignalException: channel error; protocol method: #method<channel.close>(reply-code=404, reply-text=NOT_FOUND - no queue 'info' in vhost '/', class-id=50, method-id=10)
	at com.rabbitmq.utility.ValueOrException.getValue(ValueOrException.java:66) ~[amqp-client-5.4.1.jar:5.4.1]
	at com.rabbitmq.utility.BlockingValueOrException.uninterruptibleGetValue(BlockingValueOrException.java:36) ~[amqp-client-5.4.1.jar:5.4.1]
	at com.rabbitmq.client.impl.AMQChannel$BlockingRpcContinuation.getReply(AMQChannel.java:494) ~[amqp-client-5.4.1.jar:5.4.1]
	at com.rabbitmq.client.impl.AMQChannel.privateRpc(AMQChannel.java:288) ~[amqp-client-5.4.1.jar:5.4.1]
	at com.rabbitmq.client.impl.AMQChannel.exnWrappingRpc(AMQChannel.java:138) ~[amqp-client-5.4.1.jar:5.4.1]
	... 12 common frames omitted
Caused by: com.rabbitmq.client.ShutdownSignalException: channel error; protocol method: #method<channel.close>(reply-code=404, reply-text=NOT_FOUND - no queue 'info' in vhost '/', class-id=50, method-id=10)
	at com.rabbitmq.client.impl.ChannelN.asyncShutdown(ChannelN.java:516) ~[amqp-client-5.4.1.jar:5.4.1]
	at com.rabbitmq.client.impl.ChannelN.processAsync(ChannelN.java:346) ~[amqp-client-5.4.1.jar:5.4.1]
	at com.rabbitmq.client.impl.AMQChannel.handleCompleteInboundCommand(AMQChannel.java:178) ~[amqp-client-5.4.1.jar:5.4.1]
	at com.rabbitmq.client.impl.AMQChannel.handleFrame(AMQChannel.java:111) ~[amqp-client-5.4.1.jar:5.4.1]
	at com.rabbitmq.client.impl.AMQConnection.readFrame(AMQConnection.java:670) ~[amqp-client-5.4.1.jar:5.4.1]
	at com.rabbitmq.client.impl.AMQConnection.access$300(AMQConnection.java:48) ~[amqp-client-5.4.1.jar:5.4.1]
	at com.rabbitmq.client.impl.AMQConnection$MainLoop.run(AMQConnection.java:597) ~[amqp-client-5.4.1.jar:5.4.1]
	... 1 common frames omitted

]]></system-out>
  </testcase>
</testsuite>